<?xml version="1.0" encoding="UTF-8"?>
<testsuite name="JUnit Jupiter" tests="1000" skipped="0" failures="0" errors="0" time="1.235" hostname="youcef-ubuntu-univ" timestamp="2024-11-04T22:03:51">
<properties>
[...]
</properties>
<testcase name="testgetDate(ClassifiedAd)[1]" classname="minebayd1.test.TestClassifiedAd" time="0.068">
<system-out><![CDATA[
unique-id: [engine:junit-jupiter]/[class:minebayd1.test.TestClassifiedAd]/[test-template:testgetDate(minebayd1.ClassifiedAd)]/[test-template-invocation:#1]
display-name: [1] L'annonce correspond à Annonce n°587 from Yanis crée le 2024-11-04T21:03:50.178526558Z et correpoond à SHOES et est à 9euros
]]></system-out>
</testcase>
<testcase name="testgetDate(ClassifiedAd)[2]" classname="minebayd1.test.TestClassifiedAd" time="0.002">
<system-out><![CDATA[
unique-id: [engine:junit-jupiter]/[class:minebayd1.test.TestClassifiedAd]/[test-template:testgetDate(minebayd1.ClassifiedAd)]/[test-template-invocation:#2]
display-name: [2] L'annonce correspond à Annonce n°379 from Naila crée le 2024-11-04T21:03:50.179502711Z et correpoond à BOOKS et est à 55euros
]]></system-out>
</testcase>
<testcase name="testgetDate(ClassifiedAd)[3]" classname="minebayd1.test.TestClassifiedAd" time="0.001">
<system-out><![CDATA[
unique-id: [engine:junit-jupiter]/[class:minebayd1.test.TestClassifiedAd]/[test-template:testgetDate(minebayd1.ClassifiedAd)]/[test-template-invocation:#3]
display-name: [3] L'annonce correspond à Annonce n°353 from Lyes crée le 2024-11-04T21:03:50.179636956Z et correpoond à COMPUTERS et est à 49euros
]]></system-out>
</testcase>
<testcase name="testgetDate(ClassifiedAd)[4]" classname="minebayd1.test.TestClassifiedAd" time="0.001">
<system-out><![CDATA[
unique-id: [engine:junit-jupiter]/[class:minebayd1.test.TestClassifiedAd]/[test-template:testgetDate(minebayd1.ClassifiedAd)]/[test-template-invocation:#4]
display-name: [4] L'annonce correspond à Annonce n°72 from Mounir crée le 2024-11-04T21:03:50.181415890Z et correpoond à GAMES et est à 70euros
]]></system-out>
</testcase>
<testcase name="testgetDate(ClassifiedAd)[5]" classname="minebayd1.test.TestClassifiedAd" time="0.001">
<system-out><![CDATA[
unique-id: [engine:junit-jupiter]/[class:minebayd1.test.TestClassifiedAd]/[test-template:testgetDate(minebayd1.ClassifiedAd)]/[test-template-invocation:#5]
display-name: [5] L'annonce correspond à Annonce n°936 from Idir crée le 2024-11-04T21:03:50.173229591Z et correpoond à SHOES et est à 6euros
]]></system-out>
</testcase>
<testcase name="testgetDate(ClassifiedAd)[6]" classname="minebayd1.test.TestClassifiedAd" time="0">
<system-out><![CDATA[
unique-id: [engine:junit-jupiter]/[class:minebayd1.test.TestClassifiedAd]/[test-template:testgetDate(minebayd1.ClassifiedAd)]/[test-template-invocation:#6]
display-name: [6] L'annonce correspond à Annonce n°268 from Mohamed crée le 2024-11-04T21:03:50.180085935Z et correpoond à SHOES et est à 47euros
]]></system-out>
</testcase>
<testcase name="testgetDate(ClassifiedAd)[7]" classname="minebayd1.test.TestClassifiedAd" time="0">
<system-out><![CDATA[
unique-id: [engine:junit-jupiter]/[class:minebayd1.test.TestClassifiedAd]/[test-template:testgetDate(minebayd1.ClassifiedAd)]/[test-template-invocation:#7]
display-name: [7] L'annonce correspond à Annonce n°743 from Naila crée le 2024-11-04T21:03:50.176153050Z et correpoond à SHOES et est à 61euros
]]></system-out>
</testcase>
<testcase name="testgetDate(ClassifiedAd)[8]" classname="minebayd1.test.TestClassifiedAd" time="0">
<system-out><![CDATA[
unique-id: [engine:junit-jupiter]/[class:minebayd1.test.TestClassifiedAd]/[test-template:testgetDate(minebayd1.ClassifiedAd)]/[test-template-invocation:#8]
display-name: [8] L'annonce correspond à Annonce n°1369 from Mamadou crée le 2024-11-04T21:03:50.164609089Z et correpoond à GAMES et est à 59euros
]]></system-out>
</testcase>
<testcase name="testgetDate(ClassifiedAd)[9]" classname="minebayd1.test.TestClassifiedAd" time="0.001">
<system-out><![CDATA[
unique-id: [engine:junit-jupiter]/[class:minebayd1.test.TestClassifiedAd]/[test-template:testgetDate(minebayd1.ClassifiedAd)]/[test-template-invocation:#9]
display-name: [9] L'annonce correspond à Annonce n°133 from Boris crée le 2024-11-04T21:03:50.181041526Z et correpoond à CLOTHES et est à 85euros
]]></system-out>
</testcase>
<testcase name="testgetDate(ClassifiedAd)[10]" classname="minebayd1.test.TestClassifiedAd" time="0.001">
<system-out><![CDATA[
unique-id: [engine:junit-jupiter]/[class:minebayd1.test.TestClassifiedAd]/[test-template:testgetDate(minebayd1.ClassifiedAd)]/[test-template-invocation:#10]
display-name: [10] L'annonce correspond à Annonce n°831 from Ziad crée le 2024-11-04T21:03:50.174730711Z et correpoond à BOOKS et est à 56euros
]]></system-out>
</testcase>
<testcase name="testgetDate(ClassifiedAd)[11]" classname="minebayd1.test.TestClassifiedAd" time="0">
<system-out><![CDATA[
unique-id: [engine:junit-jupiter]/[class:minebayd1.test.TestClassifiedAd]/[test-template:testgetDate(minebayd1.ClassifiedAd)]/[test-template-invocation:#11]
display-name: [11] L'annonce correspond à Annonce n°506 from Chanez crée le 2024-11-04T21:03:50.178864752Z et correpoond à GAMES et est à 26euros
]]></system-out>
</testcase>
<testcase name="testgetDate(ClassifiedAd)[12]" classname="minebayd1.test.TestClassifiedAd" time="0">
<system-out><![CDATA[
unique-id: [engine:junit-jupiter]/[class:minebayd1.test.TestClassifiedAd]/[test-template:testgetDate(minebayd1.ClassifiedAd)]/[test-template-invocation:#12]
display-name: [12] L'annonce correspond à Annonce n°930 from Mamadou crée le 2024-11-04T21:03:50.173299349Z et correpoond à CLOTHES et est à 13euros
]]></system-out>
</testcase>
<testcase name="testgetDate(ClassifiedAd)[13]" classname="minebayd1.test.TestClassifiedAd" time="0">
<system-out><![CDATA[
unique-id: [engine:junit-jupiter]/[class:minebayd1.test.TestClassifiedAd]/[test-template:testgetDate(minebayd1.ClassifiedAd)]/[test-template-invocation:#13]
display-name: [13] L'annonce correspond à Annonce n°895 from Lamia crée le 2024-11-04T21:03:50.173741697Z et correpoond à SHOES et est à 52euros
]]></system-out>
</testcase>
<testcase name="testgetDate(ClassifiedAd)[14]" classname="minebayd1.test.TestClassifiedAd" time="0.001">
<system-out><![CDATA[
unique-id: [engine:junit-jupiter]/[class:minebayd1.test.TestClassifiedAd]/[test-template:testgetDate(minebayd1.ClassifiedAd)]/[test-template-invocation:#14]
display-name: [14] L'annonce correspond à Annonce n°1030 from Imam crée le 2024-11-04T21:03:50.170809167Z et correpoond à BOOKS et est à 64euros
]]></system-out>
</testcase>
<testcase name="testgetDate(ClassifiedAd)[15]" classname="minebayd1.test.TestClassifiedAd" time="0.001">
<system-out><![CDATA[
unique-id: [engine:junit-jupiter]/[class:minebayd1.test.TestClassifiedAd]/[test-template:testgetDate(minebayd1.ClassifiedAd)]/[test-template-invocation:#15]
display-name: [15] L'annonce correspond à Annonce n°87 from Nima crée le 2024-11-04T21:03:50.181324599Z et correpoond à GAMES et est à 23euros
]]></system-out>
</testcase>
<testcase name="testgetDate(ClassifiedAd)[16]" classname="minebayd1.test.TestClassifiedAd" time="0.001">
<system-out><![CDATA[
unique-id: [engine:junit-jupiter]/[class:minebayd1.test.TestClassifiedAd]/[test-template:testgetDate(minebayd1.ClassifiedAd)]/[test-template-invocation:#16]
display-name: [16] L'annonce correspond à Annonce n°504 from Mounir crée le 2024-11-04T21:03:50.178872645Z et correpoond à SHOES et est à 63euros
]]></system-out>
</testcase>
<testcase name="testgetDate(ClassifiedAd)[17]" classname="minebayd1.test.TestClassifiedAd" time="0">
<system-out><![CDATA[
unique-id: [engine:junit-jupiter]/[class:minebayd1.test.TestClassifiedAd]/[test-template:testgetDate(minebayd1.ClassifiedAd)]/[test-template-invocation:#17]
display-name: [17] L'annonce correspond à Annonce n°1322 from Boris crée le 2024-11-04T21:03:50.165600690Z et correpoond à SHOES et est à 5euros
]]></system-out>
</testcase>
<testcase name="testgetDate(ClassifiedAd)[18]" classname="minebayd1.test.TestClassifiedAd" time="0.001">
<system-out><![CDATA[
unique-id: [engine:junit-jupiter]/[class:minebayd1.test.TestClassifiedAd]/[test-template:testgetDate(minebayd1.ClassifiedAd)]/[test-template-invocation:#18]
display-name: [18] L'annonce correspond à Annonce n°271 from Sonia crée le 2024-11-04T21:03:50.180070478Z et correpoond à CLOTHES et est à 60euros
]]></system-out>
</testcase>
<testcase name="testgetDate(ClassifiedAd)[19]" classname="minebayd1.test.TestClassifiedAd" time="0">
<system-out><![CDATA[
unique-id: [engine:junit-jupiter]/[class:minebayd1.test.TestClassifiedAd]/[test-template:testgetDate(minebayd1.ClassifiedAd)]/[test-template-invocation:#19]
display-name: [19] L'annonce correspond à Annonce n°282 from Issa crée le 2024-11-04T21:03:50.180013911Z et correpoond à BOOKS et est à 77euros
]]></system-out>
</testcase>
<testcase name="testgetDate(ClassifiedAd)[20]" classname="minebayd1.test.TestClassifiedAd" time="0">
<system-out><![CDATA[
unique-id: [engine:junit-jupiter]/[class:minebayd1.test.TestClassifiedAd]/[test-template:testgetDate(minebayd1.ClassifiedAd)]/[test-template-invocation:#20]
display-name: [20] L'annonce correspond à Annonce n°508 from Marcel crée le 2024-11-04T21:03:50.178857073Z et correpoond à SHOES et est à 45euros
]]></system-out>
</testcase>
<testcase name="testgetDate(ClassifiedAd)[21]" classname="minebayd1.test.TestClassifiedAd" time="0">
<system-out><![CDATA[
unique-id: [engine:junit-jupiter]/[class:minebayd1.test.TestClassifiedAd]/[test-template:testgetDate(minebayd1.ClassifiedAd)]/[test-template-invocation:#21]
display-name: [21] L'annonce correspond à Annonce n°1077 from Ali crée le 2024-11-04T21:03:50.170096747Z et correpoond à GAMES et est à 77euros
]]></system-out>
</testcase>
<testcase name="testgetDate(ClassifiedAd)[22]" classname="minebayd1.test.TestClassifiedAd" time="0.001">
<system-out><![CDATA[
unique-id: [engine:junit-jupiter]/[class:minebayd1.test.TestClassifiedAd]/[test-template:testgetDate(minebayd1.ClassifiedAd)]/[test-template-invocation:#22]
display-name: [22] L'annonce correspond à Annonce n°720 from Ziad crée le 2024-11-04T21:03:50.177405170Z et correpoond à BOOKS et est à 51euros
]]></system-out>
</testcase>
<testcase name="testgetDate(ClassifiedAd)[23]" classname="minebayd1.test.TestClassifiedAd" time="0">
<system-out><![CDATA[
unique-id: [engine:junit-jupiter]/[class:minebayd1.test.TestClassifiedAd]/[test-template:testgetDate(minebayd1.ClassifiedAd)]/[test-template-invocation:#23]
display-name: [23] L'annonce correspond à Annonce n°163 from Chanez crée le 2024-11-04T21:03:50.180799093Z et correpoond à COMPUTERS et est à 14euros
]]></system-out>
</testcase>
<testcase name="testgetDate(ClassifiedAd)[24]" classname="minebayd1.test.TestClassifiedAd" time="0">
<system-out><![CDATA[
unique-id: [engine:junit-jupiter]/[class:minebayd1.test.TestClassifiedAd]/[test-template:testgetDate(minebayd1.ClassifiedAd)]/[test-template-invocation:#24]
display-name: [24] L'annonce correspond à Annonce n°39 from Sheraz crée le 2024-11-04T21:03:50.181567546Z et correpoond à GAMES et est à 85euros
]]></system-out>
</testcase>
<testcase name="testgetDate(ClassifiedAd)[25]" classname="minebayd1.test.TestClassifiedAd" time="0">
<system-out><![CDATA[
unique-id: [engine:junit-jupiter]/[class:minebayd1.test.TestClassifiedAd]/[test-template:testgetDate(minebayd1.ClassifiedAd)]/[test-template-invocation:#25]
display-name: [25] L'annonce correspond à Annonce n°683 from Lisa crée le 2024-11-04T21:03:50.177779027Z et correpoond à BOOKS et est à 74euros
]]></system-out>
</testcase>
<testcase name="testgetDate(ClassifiedAd)[26]" classname="minebayd1.test.TestClassifiedAd" time="0">
<system-out><![CDATA[
unique-id: [engine:junit-jupiter]/[class:minebayd1.test.TestClassifiedAd]/[test-template:testgetDate(minebayd1.ClassifiedAd)]/[test-template-invocation:#26]
display-name: [26] L'annonce correspond à Annonce n°596 from Idir crée le 2024-11-04T21:03:50.178405741Z et correpoond à SHOES et est à 12euros
]]></system-out>
</testcase>
<testcase name="testgetDate(ClassifiedAd)[27]" classname="minebayd1.test.TestClassifiedAd" time="0">
<system-out><![CDATA[
unique-id: [engine:junit-jupiter]/[class:minebayd1.test.TestClassifiedAd]/[test-template:testgetDate(minebayd1.ClassifiedAd)]/[test-template-invocation:#27]
display-name: [27] L'annonce correspond à Annonce n°480 from Imam crée le 2024-11-04T21:03:50.178964758Z et correpoond à BOOKS et est à 21euros
]]></system-out>
</testcase>
<testcase name="testgetDate(ClassifiedAd)[28]" classname="minebayd1.test.TestClassifiedAd" time="0">
<system-out><![CDATA[
unique-id: [engine:junit-jupiter]/[class:minebayd1.test.TestClassifiedAd]/[test-template:testgetDate(minebayd1.ClassifiedAd)]/[test-template-invocation:#28]
display-name: [28] L'annonce correspond à Annonce n°836 from Chanez crée le 2024-11-04T21:03:50.174671668Z et correpoond à GAMES et est à 49euros
]]></system-out>
</testcase>
<testcase name="testgetDate(ClassifiedAd)[29]" classname="minebayd1.test.TestClassifiedAd" time="0">
<system-out><![CDATA[
unique-id: [engine:junit-jupiter]/[class:minebayd1.test.TestClassifiedAd]/[test-template:testgetDate(minebayd1.ClassifiedAd)]/[test-template-invocation:#29]
display-name: [29] L'annonce correspond à Annonce n°442 from Faycal crée le 2024-11-04T21:03:50.179166347Z et correpoond à CLOTHES et est à 12euros
]]></system-out>
</testcase>
<testcase name="testgetDate(ClassifiedAd)[30]" classname="minebayd1.test.TestClassifiedAd" time="0">
<system-out><![CDATA[
unique-id: [engine:junit-jupiter]/[class:minebayd1.test.TestClassifiedAd]/[test-template:testgetDate(minebayd1.ClassifiedAd)]/[test-template-invocation:#30]
display-name: [30] L'annonce correspond à Annonce n°1055 from Chanez crée le 2024-11-04T21:03:50.170477505Z et correpoond à SHOES et est à 11euros
]]></system-out>
</testcase>
<testcase name="testgetDate(ClassifiedAd)[31]" classname="minebayd1.test.TestClassifiedAd" time="0">
<system-out><![CDATA[
unique-id: [engine:junit-jupiter]/[class:minebayd1.test.TestClassifiedAd]/[test-template:testgetDate(minebayd1.ClassifiedAd)]/[test-template-invocation:#31]
display-name: [31] L'annonce correspond à Annonce n°1325 from Sonia crée le 2024-11-04T21:03:50.165570315Z et correpoond à CLOTHES et est à 1euros
]]></system-out>
</testcase>
<testcase name="testgetDate(ClassifiedAd)[32]" classname="minebayd1.test.TestClassifiedAd" time="0">
<system-out><![CDATA[
unique-id: [engine:junit-jupiter]/[class:minebayd1.test.TestClassifiedAd]/[test-template:testgetDate(minebayd1.ClassifiedAd)]/[test-template-invocation:#32]
display-name: [32] L'annonce correspond à Annonce n°244 from Ali crée le 2024-11-04T21:03:50.180209973Z et correpoond à BOOKS et est à 46euros
]]></system-out>
</testcase>
<testcase name="testgetDate(ClassifiedAd)[33]" classname="minebayd1.test.TestClassifiedAd" time="0">
<system-out><![CDATA[
unique-id: [engine:junit-jupiter]/[class:minebayd1.test.TestClassifiedAd]/[test-template:testgetDate(minebayd1.ClassifiedAd)]/[test-template-invocation:#33]
display-name: [33] L'annonce correspond à Annonce n°1433 from Aliou crée le 2024-11-04T21:03:50.163103710Z et correpoond à GAMES et est à 94euros
]]></system-out>
</testcase>
<testcase name="testgetDate(ClassifiedAd)[34]" classname="minebayd1.test.TestClassifiedAd" time="0">
<system-out><![CDATA[
unique-id: [engine:junit-jupiter]/[class:minebayd1.test.TestClassifiedAd]/[test-template:testgetDate(minebayd1.ClassifiedAd)]/[test-template-invocation:#34]
display-name: [34] L'annonce correspond à Annonce n°1422 from Yanis crée le 2024-11-04T21:03:50.163466549Z et correpoond à GAMES et est à 75euros
]]></system-out>
</testcase>
<testcase name="testgetDate(ClassifiedAd)[35]" classname="minebayd1.test.TestClassifiedAd" time="0">
<system-out><![CDATA[
unique-id: [engine:junit-jupiter]/[class:minebayd1.test.TestClassifiedAd]/[test-template:testgetDate(minebayd1.ClassifiedAd)]/[test-template-invocation:#35]
display-name: [35] L'annonce correspond à Annonce n°911 from Adam crée le 2024-11-04T21:03:50.173554374Z et correpoond à BOOKS et est à 65euros
]]></system-out>
</testcase>
<testcase name="testgetDate(ClassifiedAd)[36]" classname="minebayd1.test.TestClassifiedAd" time="0">
<system-out><![CDATA[
unique-id: [engine:junit-jupiter]/[class:minebayd1.test.TestClassifiedAd]/[test-template:testgetDate(minebayd1.ClassifiedAd)]/[test-template-invocation:#36]
display-name: [36] L'annonce correspond à Annonce n°1332 from Boris crée le 2024-11-04T21:03:50.165501707Z et correpoond à COMPUTERS et est à 98euros
]]></system-out>
</testcase>
<testcase name="testgetDate(ClassifiedAd)[37]" classname="minebayd1.test.TestClassifiedAd" time="0">
<system-out><![CDATA[
unique-id: [engine:junit-jupiter]/[class:minebayd1.test.TestClassifiedAd]/[test-template:testgetDate(minebayd1.ClassifiedAd)]/[test-template-invocation:#37]
display-name: [37] L'annonce correspond à Annonce n°1332 from Boris crée le 2024-11-04T21:03:50.165501707Z et correpoond à COMPUTERS et est à 98euros
]]></system-out>
</testcase>
<testcase name="testgetDate(ClassifiedAd)[38]" classname="minebayd1.test.TestClassifiedAd" time="0">
<system-out><![CDATA[
unique-id: [engine:junit-jupiter]/[class:minebayd1.test.TestClassifiedAd]/[test-template:testgetDate(minebayd1.ClassifiedAd)]/[test-template-invocation:#38]
display-name: [38] L'annonce correspond à Annonce n°1234 from Imam crée le 2024-11-04T21:03:50.167099373Z et correpoond à BOOKS et est à 39euros
]]></system-out>
</testcase>
<testcase name="testgetDate(ClassifiedAd)[39]" classname="minebayd1.test.TestClassifiedAd" time="0">
<system-out><![CDATA[
unique-id: [engine:junit-jupiter]/[class:minebayd1.test.TestClassifiedAd]/[test-template:testgetDate(minebayd1.ClassifiedAd)]/[test-template-invocation:#39]
display-name: [39] L'annonce correspond à Annonce n°843 from Mamadou crée le 2024-11-04T21:03:50.174586686Z et correpoond à COMPUTERS et est à 57euros
]]></system-out>
</testcase>
<testcase name="testgetDate(ClassifiedAd)[40]" classname="minebayd1.test.TestClassifiedAd" time="0">
<system-out><![CDATA[
unique-id: [engine:junit-jupiter]/[class:minebayd1.test.TestClassifiedAd]/[test-template:testgetDate(minebayd1.ClassifiedAd)]/[test-template-invocation:#40]
display-name: [40] L'annonce correspond à Annonce n°1117 from Chanez crée le 2024-11-04T21:03:50.169516608Z et correpoond à COMPUTERS et est à 35euros
]]></system-out>
</testcase>
<testcase name="testgetDate(ClassifiedAd)[41]" classname="minebayd1.test.TestClassifiedAd" time="0">
<system-out><![CDATA[
unique-id: [engine:junit-jupiter]/[class:minebayd1.test.TestClassifiedAd]/[test-template:testgetDate(minebayd1.ClassifiedAd)]/[test-template-invocation:#41]
display-name: [41] L'annonce correspond à Annonce n°209 from Mounir crée le 2024-11-04T21:03:50.180419620Z et correpoond à BOOKS et est à 82euros
]]></system-out>
</testcase>
<testcase name="testgetDate(ClassifiedAd)[42]" classname="minebayd1.test.TestClassifiedAd" time="0">
<system-out><![CDATA[
unique-id: [engine:junit-jupiter]/[class:minebayd1.test.TestClassifiedAd]/[test-template:testgetDate(minebayd1.ClassifiedAd)]/[test-template-invocation:#42]
display-name: [42] L'annonce correspond à Annonce n°1126 from Lyes crée le 2024-11-04T21:03:50.168922050Z et correpoond à SHOES et est à 76euros
]]></system-out>
</testcase>
<testcase name="testgetDate(ClassifiedAd)[43]" classname="minebayd1.test.TestClassifiedAd" time="0">
<system-out><![CDATA[
unique-id: [engine:junit-jupiter]/[class:minebayd1.test.TestClassifiedAd]/[test-template:testgetDate(minebayd1.ClassifiedAd)]/[test-template-invocation:#43]
display-name: [43] L'annonce correspond à Annonce n°706 from Faycal crée le 2024-11-04T21:03:50.177549279Z et correpoond à CLOTHES et est à 27euros
]]></system-out>
</testcase>
<testcase name="testgetDate(ClassifiedAd)[44]" classname="minebayd1.test.TestClassifiedAd" time="0">
<system-out><![CDATA[
unique-id: [engine:junit-jupiter]/[class:minebayd1.test.TestClassifiedAd]/[test-template:testgetDate(minebayd1.ClassifiedAd)]/[test-template-invocation:#44]
display-name: [44] L'annonce correspond à Annonce n°971 from Chanez crée le 2024-11-04T21:03:50.172636470Z et correpoond à BOOKS et est à 84euros
]]></system-out>
</testcase>
<testcase name="testgetDate(ClassifiedAd)[45]" classname="minebayd1.test.TestClassifiedAd" time="0">
<system-out><![CDATA[
unique-id: [engine:junit-jupiter]/[class:minebayd1.test.TestClassifiedAd]/[test-template:testgetDate(minebayd1.ClassifiedAd)]/[test-template-invocation:#45]
display-name: [45] L'annonce correspond à Annonce n°1120 from Sonia crée le 2024-11-04T21:03:50.169131726Z et correpoond à BOOKS et est à 43euros
]]></system-out>
</testcase>
<testcase name="testgetDate(ClassifiedAd)[46]" classname="minebayd1.test.TestClassifiedAd" time="0">
<system-out><![CDATA[
unique-id: [engine:junit-jupiter]/[class:minebayd1.test.TestClassifiedAd]/[test-template:testgetDate(minebayd1.ClassifiedAd)]/[test-template-invocation:#46]
display-name: [46] L'annonce correspond à Annonce n°1051 from Lyes crée le 2024-11-04T21:03:50.170523179Z et correpoond à COMPUTERS et est à 61euros
]]></system-out>
</testcase>
<testcase name="testgetDate(ClassifiedAd)[47]" classname="minebayd1.test.TestClassifiedAd" time="0">
<system-out><![CDATA[
unique-id: [engine:junit-jupiter]/[class:minebayd1.test.TestClassifiedAd]/[test-template:testgetDate(minebayd1.ClassifiedAd)]/[test-template-invocation:#47]
display-name: [47] L'annonce correspond à Annonce n°55 from Ali crée le 2024-11-04T21:03:50.181493467Z et correpoond à BOOKS et est à 83euros
]]></system-out>
</testcase>
<testcase name="testgetDate(ClassifiedAd)[48]" classname="minebayd1.test.TestClassifiedAd" time="0">
<system-out><![CDATA[
unique-id: [engine:junit-jupiter]/[class:minebayd1.test.TestClassifiedAd]/[test-template:testgetDate(minebayd1.ClassifiedAd)]/[test-template-invocation:#48]
display-name: [48] L'annonce correspond à Annonce n°810 from Lyes crée le 2024-11-04T21:03:50.175227155Z et correpoond à COMPUTERS et est à 63euros
]]></system-out>
</testcase>
<testcase name="testgetDate(ClassifiedAd)[49]" classname="minebayd1.test.TestClassifiedAd" time="0">
<system-out><![CDATA[
unique-id: [engine:junit-jupiter]/[class:minebayd1.test.TestClassifiedAd]/[test-template:testgetDate(minebayd1.ClassifiedAd)]/[test-template-invocation:#49]
display-name: [49] L'annonce correspond à Annonce n°569 from Boris crée le 2024-11-04T21:03:50.178607199Z et correpoond à BOOKS et est à 58euros
]]></system-out>
</testcase>
<testcase name="testgetDate(ClassifiedAd)[50]" classname="minebayd1.test.TestClassifiedAd" time="0">
<system-out><![CDATA[
unique-id: [engine:junit-jupiter]/[class:minebayd1.test.TestClassifiedAd]/[test-template:testgetDate(minebayd1.ClassifiedAd)]/[test-template-invocation:#50]
display-name: [50] L'annonce correspond à Annonce n°141 from Sonia crée le 2024-11-04T21:03:50.180971936Z et correpoond à BOOKS et est à 23euros
]]></system-out>
</testcase>
<testcase name="testgetDate(ClassifiedAd)[51]" classname="minebayd1.test.TestClassifiedAd" time="0">
<system-out><![CDATA[
unique-id: [engine:junit-jupiter]/[class:minebayd1.test.TestClassifiedAd]/[test-template:testgetDate(minebayd1.ClassifiedAd)]/[test-template-invocation:#51]
display-name: [51] L'annonce correspond à Annonce n°1440 from Mohamed crée le 2024-11-04T21:03:50.162852107Z et correpoond à BOOKS et est à 10euros
]]></system-out>
</testcase>
<testcase name="testgetDate(ClassifiedAd)[52]" classname="minebayd1.test.TestClassifiedAd" time="0">
<system-out><![CDATA[
unique-id: [engine:junit-jupiter]/[class:minebayd1.test.TestClassifiedAd]/[test-template:testgetDate(minebayd1.ClassifiedAd)]/[test-template-invocation:#52]
display-name: [52] L'annonce correspond à Annonce n°334 from Marcel crée le 2024-11-04T21:03:50.179743592Z et correpoond à BOOKS et est à 54euros
]]></system-out>
</testcase>
<testcase name="testgetDate(ClassifiedAd)[53]" classname="minebayd1.test.TestClassifiedAd" time="0">
<system-out><![CDATA[
unique-id: [engine:junit-jupiter]/[class:minebayd1.test.TestClassifiedAd]/[test-template:testgetDate(minebayd1.ClassifiedAd)]/[test-template-invocation:#53]
display-name: [53] L'annonce correspond à Annonce n°202 from Rosa crée le 2024-11-04T21:03:50.180483231Z et correpoond à BOOKS et est à 72euros
]]></system-out>
</testcase>
<testcase name="testgetDate(ClassifiedAd)[54]" classname="minebayd1.test.TestClassifiedAd" time="0">
<system-out><![CDATA[
unique-id: [engine:junit-jupiter]/[class:minebayd1.test.TestClassifiedAd]/[test-template:testgetDate(minebayd1.ClassifiedAd)]/[test-template-invocation:#54]
display-name: [54] L'annonce correspond à Annonce n°262 from Ismael crée le 2024-11-04T21:03:50.180116745Z et correpoond à GAMES et est à 70euros
]]></system-out>
</testcase>
<testcase name="testgetDate(ClassifiedAd)[55]" classname="minebayd1.test.TestClassifiedAd" time="0">
<system-out><![CDATA[
unique-id: [engine:junit-jupiter]/[class:minebayd1.test.TestClassifiedAd]/[test-template:testgetDate(minebayd1.ClassifiedAd)]/[test-template-invocation:#55]
display-name: [55] L'annonce correspond à Annonce n°1091 from Imam crée le 2024-11-04T21:03:50.169917697Z et correpoond à GAMES et est à 33euros
]]></system-out>
</testcase>
<testcase name="testgetDate(ClassifiedAd)[56]" classname="minebayd1.test.TestClassifiedAd" time="0">
<system-out><![CDATA[
unique-id: [engine:junit-jupiter]/[class:minebayd1.test.TestClassifiedAd]/[test-template:testgetDate(minebayd1.ClassifiedAd)]/[test-template-invocation:#56]
display-name: [56] L'annonce correspond à Annonce n°1351 from Ziad crée le 2024-11-04T21:03:50.165170002Z et correpoond à BOOKS et est à 80euros
]]></system-out>
</testcase>
<testcase name="testgetDate(ClassifiedAd)[57]" classname="minebayd1.test.TestClassifiedAd" time="0">
<system-out><![CDATA[
unique-id: [engine:junit-jupiter]/[class:minebayd1.test.TestClassifiedAd]/[test-template:testgetDate(minebayd1.ClassifiedAd)]/[test-template-invocation:#57]
display-name: [57] L'annonce correspond à Annonce n°1443 from Sheraz crée le 2024-11-04T21:03:50.162814281Z et correpoond à GAMES et est à 54euros
]]></system-out>
</testcase>
<testcase name="testgetDate(ClassifiedAd)[58]" classname="minebayd1.test.TestClassifiedAd" time="0">
<system-out><![CDATA[
unique-id: [engine:junit-jupiter]/[class:minebayd1.test.TestClassifiedAd]/[test-template:testgetDate(minebayd1.ClassifiedAd)]/[test-template-invocation:#58]
display-name: [58] L'annonce correspond à Annonce n°1116 from Issa crée le 2024-11-04T21:03:50.169548041Z et correpoond à CLOTHES et est à 84euros
]]></system-out>
</testcase>
<testcase name="testgetDate(ClassifiedAd)[59]" classname="minebayd1.test.TestClassifiedAd" time="0">
<system-out><![CDATA[
unique-id: [engine:junit-jupiter]/[class:minebayd1.test.TestClassifiedAd]/[test-template:testgetDate(minebayd1.ClassifiedAd)]/[test-template-invocation:#59]
display-name: [59] L'annonce correspond à Annonce n°3 from Nima crée le 2024-11-04T21:03:50.181745042Z et correpoond à GAMES et est à 29euros
]]></system-out>
</testcase>
<testcase name="testgetDate(ClassifiedAd)[60]" classname="minebayd1.test.TestClassifiedAd" time="0">
<system-out><![CDATA[
unique-id: [engine:junit-jupiter]/[class:minebayd1.test.TestClassifiedAd]/[test-template:testgetDate(minebayd1.ClassifiedAd)]/[test-template-invocation:#60]
display-name: [60] L'annonce correspond à Annonce n°1148 from Sheraz crée le 2024-11-04T21:03:50.168564138Z et correpoond à SHOES et est à 33euros
]]></system-out>
</testcase>
<testcase name="testgetDate(ClassifiedAd)[61]" classname="minebayd1.test.TestClassifiedAd" time="0">
<system-out><![CDATA[
unique-id: [engine:junit-jupiter]/[class:minebayd1.test.TestClassifiedAd]/[test-template:testgetDate(minebayd1.ClassifiedAd)]/[test-template-invocation:#61]
display-name: [61] L'annonce correspond à Annonce n°1224 from Faycal crée le 2024-11-04T21:03:50.167189837Z et correpoond à BOOKS et est à 9euros
]]></system-out>
</testcase>
<testcase name="testgetDate(ClassifiedAd)[62]" classname="minebayd1.test.TestClassifiedAd" time="0">
<system-out><![CDATA[
unique-id: [engine:junit-jupiter]/[class:minebayd1.test.TestClassifiedAd]/[test-template:testgetDate(minebayd1.ClassifiedAd)]/[test-template-invocation:#62]
display-name: [62] L'annonce correspond à Annonce n°378 from Boris crée le 2024-11-04T21:03:50.179507862Z et correpoond à CLOTHES et est à 96euros
]]></system-out>
</testcase>
<testcase name="testgetDate(ClassifiedAd)[63]" classname="minebayd1.test.TestClassifiedAd" time="0">
<system-out><![CDATA[
unique-id: [engine:junit-jupiter]/[class:minebayd1.test.TestClassifiedAd]/[test-template:testgetDate(minebayd1.ClassifiedAd)]/[test-template-invocation:#63]
display-name: [63] L'annonce correspond à Annonce n°777 from Mamadou crée le 2024-11-04T21:03:50.175748995Z et correpoond à COMPUTERS et est à 48euros
]]></system-out>
</testcase>
<testcase name="testgetDate(ClassifiedAd)[64]" classname="minebayd1.test.TestClassifiedAd" time="0">
<system-out><![CDATA[
unique-id: [engine:junit-jupiter]/[class:minebayd1.test.TestClassifiedAd]/[test-template:testgetDate(minebayd1.ClassifiedAd)]/[test-template-invocation:#64]
display-name: [64] L'annonce correspond à Annonce n°1273 from Marcel crée le 2024-11-04T21:03:50.166333936Z et correpoond à CLOTHES et est à 35euros
]]></system-out>
</testcase>
<testcase name="testgetDate(ClassifiedAd)[65]" classname="minebayd1.test.TestClassifiedAd" time="0">
<system-out><![CDATA[
unique-id: [engine:junit-jupiter]/[class:minebayd1.test.TestClassifiedAd]/[test-template:testgetDate(minebayd1.ClassifiedAd)]/[test-template-invocation:#65]
display-name: [65] L'annonce correspond à Annonce n°711 from Mamadou crée le 2024-11-04T21:03:50.177498988Z et correpoond à COMPUTERS et est à 26euros
]]></system-out>
</testcase>
<testcase name="testgetDate(ClassifiedAd)[66]" classname="minebayd1.test.TestClassifiedAd" time="0">
<system-out><![CDATA[
unique-id: [engine:junit-jupiter]/[class:minebayd1.test.TestClassifiedAd]/[test-template:testgetDate(minebayd1.ClassifiedAd)]/[test-template-invocation:#66]
display-name: [66] L'annonce correspond à Annonce n°423 from Lyes crée le 2024-11-04T21:03:50.179273155Z et correpoond à CLOTHES et est à 94euros
]]></system-out>
</testcase>
<testcase name="testgetDate(ClassifiedAd)[67]" classname="minebayd1.test.TestClassifiedAd" time="0">
<system-out><![CDATA[
unique-id: [engine:junit-jupiter]/[class:minebayd1.test.TestClassifiedAd]/[test-template:testgetDate(minebayd1.ClassifiedAd)]/[test-template-invocation:#67]
display-name: [67] L'annonce correspond à Annonce n°404 from Lamia crée le 2024-11-04T21:03:50.179371962Z et correpoond à CLOTHES et est à 82euros
]]></system-out>
</testcase>
<testcase name="testgetDate(ClassifiedAd)[68]" classname="minebayd1.test.TestClassifiedAd" time="0">
<system-out><![CDATA[
unique-id: [engine:junit-jupiter]/[class:minebayd1.test.TestClassifiedAd]/[test-template:testgetDate(minebayd1.ClassifiedAd)]/[test-template-invocation:#68]
display-name: [68] L'annonce correspond à Annonce n°1415 from Imam crée le 2024-11-04T21:03:50.163793960Z et correpoond à SHOES et est à 40euros
]]></system-out>
</testcase>
<testcase name="testgetDate(ClassifiedAd)[69]" classname="minebayd1.test.TestClassifiedAd" time="0">
<system-out><![CDATA[
unique-id: [engine:junit-jupiter]/[class:minebayd1.test.TestClassifiedAd]/[test-template:testgetDate(minebayd1.ClassifiedAd)]/[test-template-invocation:#69]
display-name: [69] L'annonce correspond à Annonce n°368 from Zahra crée le 2024-11-04T21:03:50.179559446Z et correpoond à COMPUTERS et est à 64euros
]]></system-out>
</testcase>
<testcase name="testgetDate(ClassifiedAd)[70]" classname="minebayd1.test.TestClassifiedAd" time="0">
<system-out><![CDATA[
unique-id: [engine:junit-jupiter]/[class:minebayd1.test.TestClassifiedAd]/[test-template:testgetDate(minebayd1.ClassifiedAd)]/[test-template-invocation:#70]
display-name: [70] L'annonce correspond à Annonce n°1215 from Marcel crée le 2024-11-04T21:03:50.167301379Z et correpoond à GAMES et est à 88euros
]]></system-out>
</testcase>
<testcase name="testgetDate(ClassifiedAd)[71]" classname="minebayd1.test.TestClassifiedAd" time="0">
<system-out><![CDATA[
unique-id: [engine:junit-jupiter]/[class:minebayd1.test.TestClassifiedAd]/[test-template:testgetDate(minebayd1.ClassifiedAd)]/[test-template-invocation:#71]
display-name: [71] L'annonce correspond à Annonce n°1060 from Sonia crée le 2024-11-04T21:03:50.170421124Z et correpoond à COMPUTERS et est à 6euros
]]></system-out>
</testcase>
<testcase name="testgetDate(ClassifiedAd)[72]" classname="minebayd1.test.TestClassifiedAd" time="0">
<system-out><![CDATA[
unique-id: [engine:junit-jupiter]/[class:minebayd1.test.TestClassifiedAd]/[test-template:testgetDate(minebayd1.ClassifiedAd)]/[test-template-invocation:#72]
display-name: [72] L'annonce correspond à Annonce n°1277 from Lisa crée le 2024-11-04T21:03:50.166271946Z et correpoond à COMPUTERS et est à 21euros
]]></system-out>
</testcase>
<testcase name="testgetDate(ClassifiedAd)[73]" classname="minebayd1.test.TestClassifiedAd" time="0">
<system-out><![CDATA[
unique-id: [engine:junit-jupiter]/[class:minebayd1.test.TestClassifiedAd]/[test-template:testgetDate(minebayd1.ClassifiedAd)]/[test-template-invocation:#73]
display-name: [73] L'annonce correspond à Annonce n°784 from Lisa crée le 2024-11-04T21:03:50.175666101Z et correpoond à GAMES et est à 56euros
]]></system-out>
</testcase>
<testcase name="testgetDate(ClassifiedAd)[74]" classname="minebayd1.test.TestClassifiedAd" time="0">
<system-out><![CDATA[
unique-id: [engine:junit-jupiter]/[class:minebayd1.test.TestClassifiedAd]/[test-template:testgetDate(minebayd1.ClassifiedAd)]/[test-template-invocation:#74]
display-name: [74] L'annonce correspond à Annonce n°1478 from Issa crée le 2024-11-04T21:03:50.161919916Z et correpoond à CLOTHES et est à 55euros
]]></system-out>
</testcase>
<testcase name="testgetDate(ClassifiedAd)[75]" classname="minebayd1.test.TestClassifiedAd" time="0">
<system-out><![CDATA[
unique-id: [engine:junit-jupiter]/[class:minebayd1.test.TestClassifiedAd]/[test-template:testgetDate(minebayd1.ClassifiedAd)]/[test-template-invocation:#75]
display-name: [75] L'annonce correspond à Annonce n°631 from Mohamed crée le 2024-11-04T21:03:50.178179142Z et correpoond à BOOKS et est à 26euros
]]></system-out>
</testcase>
<testcase name="testgetDate(ClassifiedAd)[76]" classname="minebayd1.test.TestClassifiedAd" time="0">
<system-out><![CDATA[
unique-id: [engine:junit-jupiter]/[class:minebayd1.test.TestClassifiedAd]/[test-template:testgetDate(minebayd1.ClassifiedAd)]/[test-template-invocation:#76]
display-name: [76] L'annonce correspond à Annonce n°1222 from Mohamed crée le 2024-11-04T21:03:50.167214507Z et correpoond à COMPUTERS et est à 54euros
]]></system-out>
</testcase>
<testcase name="testgetDate(ClassifiedAd)[77]" classname="minebayd1.test.TestClassifiedAd" time="0">
<system-out><![CDATA[
unique-id: [engine:junit-jupiter]/[class:minebayd1.test.TestClassifiedAd]/[test-template:testgetDate(minebayd1.ClassifiedAd)]/[test-template-invocation:#77]
display-name: [77] L'annonce correspond à Annonce n°161 from Mounir crée le 2024-11-04T21:03:50.180815152Z et correpoond à CLOTHES et est à 92euros
]]></system-out>
</testcase>
<testcase name="testgetDate(ClassifiedAd)[78]" classname="minebayd1.test.TestClassifiedAd" time="0">
<system-out><![CDATA[
unique-id: [engine:junit-jupiter]/[class:minebayd1.test.TestClassifiedAd]/[test-template:testgetDate(minebayd1.ClassifiedAd)]/[test-template-invocation:#78]
display-name: [78] L'annonce correspond à Annonce n°534 from Ziad crée le 2024-11-04T21:03:50.178753905Z et correpoond à BOOKS et est à 86euros
]]></system-out>
</testcase>
<testcase name="testgetDate(ClassifiedAd)[79]" classname="minebayd1.test.TestClassifiedAd" time="0">
<system-out><![CDATA[
unique-id: [engine:junit-jupiter]/[class:minebayd1.test.TestClassifiedAd]/[test-template:testgetDate(minebayd1.ClassifiedAd)]/[test-template-invocation:#79]
display-name: [79] L'annonce correspond à Annonce n°1259 from Lyes crée le 2024-11-04T21:03:50.166479164Z et correpoond à CLOTHES et est à 59euros
]]></system-out>
</testcase>
<testcase name="testgetDate(ClassifiedAd)[80]" classname="minebayd1.test.TestClassifiedAd" time="0">
<system-out><![CDATA[
unique-id: [engine:junit-jupiter]/[class:minebayd1.test.TestClassifiedAd]/[test-template:testgetDate(minebayd1.ClassifiedAd)]/[test-template-invocation:#80]
display-name: [80] L'annonce correspond à Annonce n°323 from Ismael crée le 2024-11-04T21:03:50.179801283Z et correpoond à GAMES et est à 85euros
]]></system-out>
</testcase>
<testcase name="testgetDate(ClassifiedAd)[81]" classname="minebayd1.test.TestClassifiedAd" time="0">
<system-out><![CDATA[
unique-id: [engine:junit-jupiter]/[class:minebayd1.test.TestClassifiedAd]/[test-template:testgetDate(minebayd1.ClassifiedAd)]/[test-template-invocation:#81]
display-name: [81] L'annonce correspond à Annonce n°591 from Aliou crée le 2024-11-04T21:03:50.178502934Z et correpoond à SHOES et est à 33euros
]]></system-out>
</testcase>
<testcase name="testgetDate(ClassifiedAd)[82]" classname="minebayd1.test.TestClassifiedAd" time="0">
<system-out><![CDATA[
unique-id: [engine:junit-jupiter]/[class:minebayd1.test.TestClassifiedAd]/[test-template:testgetDate(minebayd1.ClassifiedAd)]/[test-template-invocation:#82]
display-name: [82] L'annonce correspond à Annonce n°151 from Sheraz crée le 2024-11-04T21:03:50.180893983Z et correpoond à COMPUTERS et est à 83euros
]]></system-out>
</testcase>
<testcase name="testgetDate(ClassifiedAd)[83]" classname="minebayd1.test.TestClassifiedAd" time="0">
<system-out><![CDATA[
unique-id: [engine:junit-jupiter]/[class:minebayd1.test.TestClassifiedAd]/[test-template:testgetDate(minebayd1.ClassifiedAd)]/[test-template-invocation:#83]
display-name: [83] L'annonce correspond à Annonce n°594 from Aliou crée le 2024-11-04T21:03:50.178417094Z et correpoond à BOOKS et est à 90euros
]]></system-out>
</testcase>
<testcase name="testgetDate(ClassifiedAd)[84]" classname="minebayd1.test.TestClassifiedAd" time="0">
<system-out><![CDATA[
unique-id: [engine:junit-jupiter]/[class:minebayd1.test.TestClassifiedAd]/[test-template:testgetDate(minebayd1.ClassifiedAd)]/[test-template-invocation:#84]
display-name: [84] L'annonce correspond à Annonce n°386 from Mohamed crée le 2024-11-04T21:03:50.179466099Z et correpoond à COMPUTERS et est à 72euros
]]></system-out>
</testcase>
<testcase name="testgetDate(ClassifiedAd)[85]" classname="minebayd1.test.TestClassifiedAd" time="0">
<system-out><![CDATA[
unique-id: [engine:junit-jupiter]/[class:minebayd1.test.TestClassifiedAd]/[test-template:testgetDate(minebayd1.ClassifiedAd)]/[test-template-invocation:#85]
display-name: [85] L'annonce correspond à Annonce n°1265 from Zahra crée le 2024-11-04T21:03:50.166415761Z et correpoond à CLOTHES et est à 56euros
]]></system-out>
</testcase>
<testcase name="testgetDate(ClassifiedAd)[86]" classname="minebayd1.test.TestClassifiedAd" time="0">
<system-out><![CDATA[
unique-id: [engine:junit-jupiter]/[class:minebayd1.test.TestClassifiedAd]/[test-template:testgetDate(minebayd1.ClassifiedAd)]/[test-template-invocation:#86]
display-name: [86] L'annonce correspond à Annonce n°1485 from Ali crée le 2024-11-04T21:03:50.161562745Z et correpoond à COMPUTERS et est à 8euros
]]></system-out>
</testcase>
<testcase name="testgetDate(ClassifiedAd)[87]" classname="minebayd1.test.TestClassifiedAd" time="0">
<system-out><![CDATA[
unique-id: [engine:junit-jupiter]/[class:minebayd1.test.TestClassifiedAd]/[test-template:testgetDate(minebayd1.ClassifiedAd)]/[test-template-invocation:#87]
display-name: [87] L'annonce correspond à Annonce n°231 from Ziad crée le 2024-11-04T21:03:50.180276931Z et correpoond à BOOKS et est à 15euros
]]></system-out>
</testcase>
<testcase name="testgetDate(ClassifiedAd)[88]" classname="minebayd1.test.TestClassifiedAd" time="0">
<system-out><![CDATA[
unique-id: [engine:junit-jupiter]/[class:minebayd1.test.TestClassifiedAd]/[test-template:testgetDate(minebayd1.ClassifiedAd)]/[test-template-invocation:#88]
display-name: [88] L'annonce correspond à Annonce n°143 from Ismael crée le 2024-11-04T21:03:50.180956265Z et correpoond à GAMES et est à 32euros
]]></system-out>
</testcase>
<testcase name="testgetDate(ClassifiedAd)[89]" classname="minebayd1.test.TestClassifiedAd" time="0">
<system-out><![CDATA[
unique-id: [engine:junit-jupiter]/[class:minebayd1.test.TestClassifiedAd]/[test-template:testgetDate(minebayd1.ClassifiedAd)]/[test-template-invocation:#89]
display-name: [89] L'annonce correspond à Annonce n°885 from Chanez crée le 2024-11-04T21:03:50.173858425Z et correpoond à CLOTHES et est à 68euros
]]></system-out>
</testcase>
<testcase name="testgetDate(ClassifiedAd)[90]" classname="minebayd1.test.TestClassifiedAd" time="0">
<system-out><![CDATA[
unique-id: [engine:junit-jupiter]/[class:minebayd1.test.TestClassifiedAd]/[test-template:testgetDate(minebayd1.ClassifiedAd)]/[test-template-invocation:#90]
display-name: [90] L'annonce correspond à Annonce n°1266 from Ismael crée le 2024-11-04T21:03:50.166405800Z et correpoond à SHOES et est à 67euros
]]></system-out>
</testcase>
<testcase name="testgetDate(ClassifiedAd)[91]" classname="minebayd1.test.TestClassifiedAd" time="0">
<system-out><![CDATA[
unique-id: [engine:junit-jupiter]/[class:minebayd1.test.TestClassifiedAd]/[test-template:testgetDate(minebayd1.ClassifiedAd)]/[test-template-invocation:#91]
display-name: [91] L'annonce correspond à Annonce n°981 from Naila crée le 2024-11-04T21:03:50.172511530Z et correpoond à CLOTHES et est à 69euros
]]></system-out>
</testcase>
<testcase name="testgetDate(ClassifiedAd)[92]" classname="minebayd1.test.TestClassifiedAd" time="0">
<system-out><![CDATA[
unique-id: [engine:junit-jupiter]/[class:minebayd1.test.TestClassifiedAd]/[test-template:testgetDate(minebayd1.ClassifiedAd)]/[test-template-invocation:#92]
display-name: [92] L'annonce correspond à Annonce n°353 from Lyes crée le 2024-11-04T21:03:50.179636956Z et correpoond à COMPUTERS et est à 49euros
]]></system-out>
</testcase>
<testcase name="testgetDate(ClassifiedAd)[93]" classname="minebayd1.test.TestClassifiedAd" time="0">
<system-out><![CDATA[
unique-id: [engine:junit-jupiter]/[class:minebayd1.test.TestClassifiedAd]/[test-template:testgetDate(minebayd1.ClassifiedAd)]/[test-template-invocation:#93]
display-name: [93] L'annonce correspond à Annonce n°491 from Lisa crée le 2024-11-04T21:03:50.178922709Z et correpoond à CLOTHES et est à 30euros
]]></system-out>
</testcase>
<testcase name="testgetDate(ClassifiedAd)[94]" classname="minebayd1.test.TestClassifiedAd" time="0">
<system-out><![CDATA[
unique-id: [engine:junit-jupiter]/[class:minebayd1.test.TestClassifiedAd]/[test-template:testgetDate(minebayd1.ClassifiedAd)]/[test-template-invocation:#94]
display-name: [94] L'annonce correspond à Annonce n°1008 from Boris crée le 2024-11-04T21:03:50.171064041Z et correpoond à CLOTHES et est à 19euros
]]></system-out>
</testcase>
<testcase name="testgetDate(ClassifiedAd)[95]" classname="minebayd1.test.TestClassifiedAd" time="0">
<system-out><![CDATA[
unique-id: [engine:junit-jupiter]/[class:minebayd1.test.TestClassifiedAd]/[test-template:testgetDate(minebayd1.ClassifiedAd)]/[test-template-invocation:#95]
display-name: [95] L'annonce correspond à Annonce n°568 from Mamadou crée le 2024-11-04T21:03:50.178611156Z et correpoond à COMPUTERS et est à 27euros
]]></system-out>
</testcase>
<testcase name="testgetDate(ClassifiedAd)[96]" classname="minebayd1.test.TestClassifiedAd" time="0">
<system-out><![CDATA[
unique-id: [engine:junit-jupiter]/[class:minebayd1.test.TestClassifiedAd]/[test-template:testgetDate(minebayd1.ClassifiedAd)]/[test-template-invocation:#96]
display-name: [96] L'annonce correspond à Annonce n°183 from Rosa crée le 2024-11-04T21:03:50.180623513Z et correpoond à CLOTHES et est à 18euros
]]></system-out>
</testcase>
<testcase name="testgetDate(ClassifiedAd)[97]" classname="minebayd1.test.TestClassifiedAd" time="0">
<system-out><![CDATA[
unique-id: [engine:junit-jupiter]/[class:minebayd1.test.TestClassifiedAd]/[test-template:testgetDate(minebayd1.ClassifiedAd)]/[test-template-invocation:#97]
display-name: [97] L'annonce correspond à Annonce n°11 from Mamadou crée le 2024-11-04T21:03:50.181712271Z et correpoond à CLOTHES et est à 26euros
]]></system-out>
</testcase>
<testcase name="testgetDate(ClassifiedAd)[98]" classname="minebayd1.test.TestClassifiedAd" time="0">
<system-out><![CDATA[
unique-id: [engine:junit-jupiter]/[class:minebayd1.test.TestClassifiedAd]/[test-template:testgetDate(minebayd1.ClassifiedAd)]/[test-template-invocation:#98]
display-name: [98] L'annonce correspond à Annonce n°1101 from Rosa crée le 2024-11-04T21:03:50.169770838Z et correpoond à CLOTHES et est à 7euros
]]></system-out>
</testcase>
<testcase name="testgetDate(ClassifiedAd)[99]" classname="minebayd1.test.TestClassifiedAd" time="0">
<system-out><![CDATA[
unique-id: [engine:junit-jupiter]/[class:minebayd1.test.TestClassifiedAd]/[test-template:testgetDate(minebayd1.ClassifiedAd)]/[test-template-invocation:#99]
display-name: [99] L'annonce correspond à Annonce n°538 from Mounir crée le 2024-11-04T21:03:50.178738063Z et correpoond à COMPUTERS et est à 59euros
]]></system-out>
</testcase>
<testcase name="testgetDate(ClassifiedAd)[100]" classname="minebayd1.test.TestClassifiedAd" time="0">
<system-out><![CDATA[
unique-id: [engine:junit-jupiter]/[class:minebayd1.test.TestClassifiedAd]/[test-template:testgetDate(minebayd1.ClassifiedAd)]/[test-template-invocation:#100]
display-name: [100] L'annonce correspond à Annonce n°890 from Lisa crée le 2024-11-04T21:03:50.173800280Z et correpoond à BOOKS et est à 29euros
]]></system-out>
</testcase>
<testcase name="testequals(ClassifiedAd, Object)[1]" classname="minebayd1.test.TestClassifiedAd" time="0">
<system-out><![CDATA[
unique-id: [engine:junit-jupiter]/[class:minebayd1.test.TestClassifiedAd]/[test-template:testequals(minebayd1.ClassifiedAd, java.lang.Object)]/[test-template-invocation:#1]
display-name: [1] L'annonce correspond à Annonce n°992 from Marcel crée le 2024-11-04T21:03:50.171243666Z et correpoond à BOOKS et est à 35euros, L'annonce correspond à Annonce n°572 from Ziad crée le 2024-11-04T21:03:50.178595095Z et correpoond à BOOKS et est à 58euros
]]></system-out>
</testcase>
<testcase name="testequals(ClassifiedAd, Object)[2]" classname="minebayd1.test.TestClassifiedAd" time="0">
<system-out><![CDATA[
unique-id: [engine:junit-jupiter]/[class:minebayd1.test.TestClassifiedAd]/[test-template:testequals(minebayd1.ClassifiedAd, java.lang.Object)]/[test-template-invocation:#2]
display-name: [2] L'annonce correspond à Annonce n°246 from Ayman crée le 2024-11-04T21:03:50.180199841Z et correpoond à COMPUTERS et est à 59euros, L'annonce correspond à Annonce n°415 from Mohamed crée le 2024-11-04T21:03:50.179314132Z et correpoond à BOOKS et est à 98euros
]]></system-out>
</testcase>
<testcase name="testequals(ClassifiedAd, Object)[3]" classname="minebayd1.test.TestClassifiedAd" time="0">
<system-out><![CDATA[
unique-id: [engine:junit-jupiter]/[class:minebayd1.test.TestClassifiedAd]/[test-template:testequals(minebayd1.ClassifiedAd, java.lang.Object)]/[test-template-invocation:#3]
display-name: [3] L'annonce correspond à Annonce n°364 from Mohamed crée le 2024-11-04T21:03:50.179580027Z et correpoond à SHOES et est à 100euros, L'annonce correspond à Annonce n°362 from Adam crée le 2024-11-04T21:03:50.179590333Z et correpoond à GAMES et est à 75euros
]]></system-out>
</testcase>
<testcase name="testequals(ClassifiedAd, Object)[4]" classname="minebayd1.test.TestClassifiedAd" time="0">
<system-out><![CDATA[
unique-id: [engine:junit-jupiter]/[class:minebayd1.test.TestClassifiedAd]/[test-template:testequals(minebayd1.ClassifiedAd, java.lang.Object)]/[test-template-invocation:#4]
display-name: [4] L'annonce correspond à Annonce n°397 from Marcel crée le 2024-11-04T21:03:50.179407629Z et correpoond à SHOES et est à 100euros, L'annonce correspond à Annonce n°103 from Ayman crée le 2024-11-04T21:03:50.181245856Z et correpoond à GAMES et est à 30euros
]]></system-out>
</testcase>
<testcase name="testequals(ClassifiedAd, Object)[5]" classname="minebayd1.test.TestClassifiedAd" time="0">
<system-out><![CDATA[
unique-id: [engine:junit-jupiter]/[class:minebayd1.test.TestClassifiedAd]/[test-template:testequals(minebayd1.ClassifiedAd, java.lang.Object)]/[test-template-invocation:#5]
display-name: [5] L'annonce correspond à Annonce n°717 from Ayman crée le 2024-11-04T21:03:50.177433171Z et correpoond à SHOES et est à 92euros, L'annonce correspond à Annonce n°23 from Pierre crée le 2024-11-04T21:03:50.181640506Z et correpoond à SHOES et est à 24euros
]]></system-out>
</testcase>
<testcase name="testequals(ClassifiedAd, Object)[6]" classname="minebayd1.test.TestClassifiedAd" time="0">
<system-out><![CDATA[
unique-id: [engine:junit-jupiter]/[class:minebayd1.test.TestClassifiedAd]/[test-template:testequals(minebayd1.ClassifiedAd, java.lang.Object)]/[test-template-invocation:#6]
display-name: [6] L'annonce correspond à Annonce n°964 from Adam crée le 2024-11-04T21:03:50.172722Z et correpoond à COMPUTERS et est à 39euros, L'annonce correspond à Annonce n°597 from Imam crée le 2024-11-04T21:03:50.178400079Z et correpoond à CLOTHES et est à 15euros
]]></system-out>
</testcase>
<testcase name="testequals(ClassifiedAd, Object)[7]" classname="minebayd1.test.TestClassifiedAd" time="0">
<system-out><![CDATA[
unique-id: [engine:junit-jupiter]/[class:minebayd1.test.TestClassifiedAd]/[test-template:testequals(minebayd1.ClassifiedAd, java.lang.Object)]/[test-template-invocation:#7]
display-name: [7] L'annonce correspond à Annonce n°292 from Adam crée le 2024-11-04T21:03:50.179962324Z et correpoond à BOOKS et est à 4euros, L'annonce correspond à Annonce n°100 from Issa crée le 2024-11-04T21:03:50.181261487Z et correpoond à CLOTHES et est à 15euros
]]></system-out>
</testcase>
<testcase name="testequals(ClassifiedAd, Object)[8]" classname="minebayd1.test.TestClassifiedAd" time="0">
<system-out><![CDATA[
unique-id: [engine:junit-jupiter]/[class:minebayd1.test.TestClassifiedAd]/[test-template:testequals(minebayd1.ClassifiedAd, java.lang.Object)]/[test-template-invocation:#8]
display-name: [8] L'annonce correspond à Annonce n°1343 from Aliou crée le 2024-11-04T21:03:50.165305021Z et correpoond à CLOTHES et est à 99euros, L'annonce correspond à Annonce n°955 from Sheraz crée le 2024-11-04T21:03:50.172829008Z et correpoond à GAMES et est à 32euros
]]></system-out>
</testcase>
<testcase name="testequals(ClassifiedAd, Object)[9]" classname="minebayd1.test.TestClassifiedAd" time="0">
<system-out><![CDATA[
unique-id: [engine:junit-jupiter]/[class:minebayd1.test.TestClassifiedAd]/[test-template:testequals(minebayd1.ClassifiedAd, java.lang.Object)]/[test-template-invocation:#9]
display-name: [9] L'annonce correspond à Annonce n°206 from Ismael crée le 2024-11-04T21:03:50.180451110Z et correpoond à COMPUTERS et est à 19euros, L'annonce correspond à Annonce n°1405 from Mohamed crée le 2024-11-04T21:03:50.163985621Z et correpoond à GAMES et est à 61euros
]]></system-out>
</testcase>
<testcase name="testequals(ClassifiedAd, Object)[10]" classname="minebayd1.test.TestClassifiedAd" time="0">
<system-out><![CDATA[
unique-id: [engine:junit-jupiter]/[class:minebayd1.test.TestClassifiedAd]/[test-template:testequals(minebayd1.ClassifiedAd, java.lang.Object)]/[test-template-invocation:#10]
display-name: [10] L'annonce correspond à Annonce n°1186 from Ali crée le 2024-11-04T21:03:50.167735643Z et correpoond à COMPUTERS et est à 21euros, L'annonce correspond à Annonce n°310 from Adam crée le 2024-11-04T21:03:50.179868346Z et correpoond à BOOKS et est à 1euros
]]></system-out>
</testcase>
<testcase name="testequals(ClassifiedAd, Object)[11]" classname="minebayd1.test.TestClassifiedAd" time="0">
<system-out><![CDATA[
unique-id: [engine:junit-jupiter]/[class:minebayd1.test.TestClassifiedAd]/[test-template:testequals(minebayd1.ClassifiedAd, java.lang.Object)]/[test-template-invocation:#11]
display-name: [11] L'annonce correspond à Annonce n°1373 from Adam crée le 2024-11-04T21:03:50.164489158Z et correpoond à COMPUTERS et est à 13euros, L'annonce correspond à Annonce n°1067 from Ayman crée le 2024-11-04T21:03:50.170343090Z et correpoond à BOOKS et est à 44euros
]]></system-out>
</testcase>
<testcase name="testequals(ClassifiedAd, Object)[12]" classname="minebayd1.test.TestClassifiedAd" time="0">
<system-out><![CDATA[
unique-id: [engine:junit-jupiter]/[class:minebayd1.test.TestClassifiedAd]/[test-template:testequals(minebayd1.ClassifiedAd, java.lang.Object)]/[test-template-invocation:#12]
display-name: [12] L'annonce correspond à Annonce n°842 from Aliou crée le 2024-11-04T21:03:50.174598908Z et correpoond à CLOTHES et est à 8euros, L'annonce correspond à Annonce n°1094 from Yanis crée le 2024-11-04T21:03:50.169870409Z et correpoond à SHOES et est à 57euros
]]></system-out>
</testcase>
<testcase name="testequals(ClassifiedAd, Object)[13]" classname="minebayd1.test.TestClassifiedAd" time="0">
<system-out><![CDATA[
unique-id: [engine:junit-jupiter]/[class:minebayd1.test.TestClassifiedAd]/[test-template:testequals(minebayd1.ClassifiedAd, java.lang.Object)]/[test-template-invocation:#13]
display-name: [13] L'annonce correspond à Annonce n°31 from Mounir crée le 2024-11-04T21:03:50.181605198Z et correpoond à CLOTHES et est à 45euros, L'annonce correspond à Annonce n°467 from Ziad crée le 2024-11-04T21:03:50.179021091Z et correpoond à COMPUTERS et est à 47euros
]]></system-out>
</testcase>
<testcase name="testequals(ClassifiedAd, Object)[14]" classname="minebayd1.test.TestClassifiedAd" time="0">
<system-out><![CDATA[
unique-id: [engine:junit-jupiter]/[class:minebayd1.test.TestClassifiedAd]/[test-template:testequals(minebayd1.ClassifiedAd, java.lang.Object)]/[test-template-invocation:#14]
display-name: [14] L'annonce correspond à Annonce n°774 from Chanez crée le 2024-11-04T21:03:50.175782871Z et correpoond à BOOKS et est à 39euros, L'annonce correspond à Annonce n°943 from Issa crée le 2024-11-04T21:03:50.172973638Z et correpoond à CLOTHES et est à 7euros
]]></system-out>
</testcase>
<testcase name="testequals(ClassifiedAd, Object)[15]" classname="minebayd1.test.TestClassifiedAd" time="0">
<system-out><![CDATA[
unique-id: [engine:junit-jupiter]/[class:minebayd1.test.TestClassifiedAd]/[test-template:testequals(minebayd1.ClassifiedAd, java.lang.Object)]/[test-template-invocation:#15]
display-name: [15] L'annonce correspond à Annonce n°1372 from Lamia crée le 2024-11-04T21:03:50.164564238Z et correpoond à COMPUTERS et est à 66euros, L'annonce correspond à Annonce n°416 from Lyes crée le 2024-11-04T21:03:50.179309039Z et correpoond à SHOES et est à 49euros
]]></system-out>
</testcase>
<testcase name="testequals(ClassifiedAd, Object)[16]" classname="minebayd1.test.TestClassifiedAd" time="0.001">
<system-out><![CDATA[
unique-id: [engine:junit-jupiter]/[class:minebayd1.test.TestClassifiedAd]/[test-template:testequals(minebayd1.ClassifiedAd, java.lang.Object)]/[test-template-invocation:#16]
display-name: [16] L'annonce correspond à Annonce n°1209 from Mohamed crée le 2024-11-04T21:03:50.167391148Z et correpoond à SHOES et est à 56euros, L'annonce correspond à Annonce n°704 from Lyes crée le 2024-11-04T21:03:50.177568819Z et correpoond à CLOTHES et est à 67euros
]]></system-out>
</testcase>
<testcase name="testequals(ClassifiedAd, Object)[17]" classname="minebayd1.test.TestClassifiedAd" time="0">
<system-out><![CDATA[
unique-id: [engine:junit-jupiter]/[class:minebayd1.test.TestClassifiedAd]/[test-template:testequals(minebayd1.ClassifiedAd, java.lang.Object)]/[test-template-invocation:#17]
display-name: [17] L'annonce correspond à Annonce n°201 from Yanis crée le 2024-11-04T21:03:50.180491291Z et correpoond à COMPUTERS et est à 14euros, L'annonce correspond à Annonce n°887 from Imam crée le 2024-11-04T21:03:50.173834978Z et correpoond à SHOES et est à 74euros
]]></system-out>
</testcase>
<testcase name="testequals(ClassifiedAd, Object)[18]" classname="minebayd1.test.TestClassifiedAd" time="0">
<system-out><![CDATA[
unique-id: [engine:junit-jupiter]/[class:minebayd1.test.TestClassifiedAd]/[test-template:testequals(minebayd1.ClassifiedAd, java.lang.Object)]/[test-template-invocation:#18]
display-name: [18] L'annonce correspond à Annonce n°1189 from Rosa crée le 2024-11-04T21:03:50.167694172Z et correpoond à SHOES et est à 75euros, L'annonce correspond à Annonce n°741 from Lamia crée le 2024-11-04T21:03:50.176174526Z et correpoond à COMPUTERS et est à 18euros
]]></system-out>
</testcase>
<testcase name="testequals(ClassifiedAd, Object)[19]" classname="minebayd1.test.TestClassifiedAd" time="0">
<system-out><![CDATA[
unique-id: [engine:junit-jupiter]/[class:minebayd1.test.TestClassifiedAd]/[test-template:testequals(minebayd1.ClassifiedAd, java.lang.Object)]/[test-template-invocation:#19]
display-name: [19] L'annonce correspond à Annonce n°91 from Ali crée le 2024-11-04T21:03:50.181306375Z et correpoond à GAMES et est à 21euros, L'annonce correspond à Annonce n°1327 from Aliou crée le 2024-11-04T21:03:50.165550944Z et correpoond à GAMES et est à 19euros
]]></system-out>
</testcase>
<testcase name="testequals(ClassifiedAd, Object)[20]" classname="minebayd1.test.TestClassifiedAd" time="0">
<system-out><![CDATA[
unique-id: [engine:junit-jupiter]/[class:minebayd1.test.TestClassifiedAd]/[test-template:testequals(minebayd1.ClassifiedAd, java.lang.Object)]/[test-template-invocation:#20]
display-name: [20] L'annonce correspond à Annonce n°479 from Rosa crée le 2024-11-04T21:03:50.178968606Z et correpoond à SHOES et est à 50euros, L'annonce correspond à Annonce n°1143 from Mohamed crée le 2024-11-04T21:03:50.168698428Z et correpoond à CLOTHES et est à 80euros
]]></system-out>
</testcase>
<testcase name="testequals(ClassifiedAd, Object)[21]" classname="minebayd1.test.TestClassifiedAd" time="0">
<system-out><![CDATA[
unique-id: [engine:junit-jupiter]/[class:minebayd1.test.TestClassifiedAd]/[test-template:testequals(minebayd1.ClassifiedAd, java.lang.Object)]/[test-template-invocation:#21]
display-name: [21] L'annonce correspond à Annonce n°1092 from Mounir crée le 2024-11-04T21:03:50.169904019Z et correpoond à GAMES et est à 73euros, L'annonce correspond à Annonce n°1410 from Ismael crée le 2024-11-04T21:03:50.163890892Z et correpoond à COMPUTERS et est à 32euros
]]></system-out>
</testcase>
<testcase name="testequals(ClassifiedAd, Object)[22]" classname="minebayd1.test.TestClassifiedAd" time="0">
<system-out><![CDATA[
unique-id: [engine:junit-jupiter]/[class:minebayd1.test.TestClassifiedAd]/[test-template:testequals(minebayd1.ClassifiedAd, java.lang.Object)]/[test-template-invocation:#22]
display-name: [22] L'annonce correspond à Annonce n°109 from Mounir crée le 2024-11-04T21:03:50.181218060Z et correpoond à COMPUTERS et est à 97euros, L'annonce correspond à Annonce n°158 from Ayman crée le 2024-11-04T21:03:50.180838528Z et correpoond à CLOTHES et est à 46euros
]]></system-out>
</testcase>
<testcase name="testequals(ClassifiedAd, Object)[23]" classname="minebayd1.test.TestClassifiedAd" time="0">
<system-out><![CDATA[
unique-id: [engine:junit-jupiter]/[class:minebayd1.test.TestClassifiedAd]/[test-template:testequals(minebayd1.ClassifiedAd, java.lang.Object)]/[test-template-invocation:#23]
display-name: [23] L'annonce correspond à Annonce n°1036 from Aliou crée le 2024-11-04T21:03:50.170707984Z et correpoond à GAMES et est à 37euros, L'annonce correspond à Annonce n°749 from Faycal crée le 2024-11-04T21:03:50.176074554Z et correpoond à BOOKS et est à 46euros
]]></system-out>
</testcase>
<testcase name="testequals(ClassifiedAd, Object)[24]" classname="minebayd1.test.TestClassifiedAd" time="0">
<system-out><![CDATA[
unique-id: [engine:junit-jupiter]/[class:minebayd1.test.TestClassifiedAd]/[test-template:testequals(minebayd1.ClassifiedAd, java.lang.Object)]/[test-template-invocation:#24]
display-name: [24] L'annonce correspond à Annonce n°1492 from Mamadou crée le 2024-11-04T21:03:50.161463436Z et correpoond à CLOTHES et est à 46euros, L'annonce correspond à Annonce n°1185 from Yanis crée le 2024-11-04T21:03:50.167748835Z et correpoond à GAMES et est à 63euros
]]></system-out>
</testcase>
<testcase name="testequals(ClassifiedAd, Object)[25]" classname="minebayd1.test.TestClassifiedAd" time="0">
<system-out><![CDATA[
unique-id: [engine:junit-jupiter]/[class:minebayd1.test.TestClassifiedAd]/[test-template:testequals(minebayd1.ClassifiedAd, java.lang.Object)]/[test-template-invocation:#25]
display-name: [25] L'annonce correspond à Annonce n°634 from Adam crée le 2024-11-04T21:03:50.178161321Z et correpoond à CLOTHES et est à 41euros, L'annonce correspond à Annonce n°1063 from Nima crée le 2024-11-04T21:03:50.170386178Z et correpoond à CLOTHES et est à 48euros
]]></system-out>
</testcase>
<testcase name="testequals(ClassifiedAd, Object)[26]" classname="minebayd1.test.TestClassifiedAd" time="0">
<system-out><![CDATA[
unique-id: [engine:junit-jupiter]/[class:minebayd1.test.TestClassifiedAd]/[test-template:testequals(minebayd1.ClassifiedAd, java.lang.Object)]/[test-template-invocation:#26]
display-name: [26] L'annonce correspond à Annonce n°820 from Marc crée le 2024-11-04T21:03:50.175077675Z et correpoond à BOOKS et est à 80euros, L'annonce correspond à Annonce n°279 from Idir crée le 2024-11-04T21:03:50.180029280Z et correpoond à CLOTHES et est à 24euros
]]></system-out>
</testcase>
<testcase name="testequals(ClassifiedAd, Object)[27]" classname="minebayd1.test.TestClassifiedAd" time="0">
<system-out><![CDATA[
unique-id: [engine:junit-jupiter]/[class:minebayd1.test.TestClassifiedAd]/[test-template:testequals(minebayd1.ClassifiedAd, java.lang.Object)]/[test-template-invocation:#27]
display-name: [27] L'annonce correspond à Annonce n°1079 from Adam crée le 2024-11-04T21:03:50.170071001Z et correpoond à SHOES et est à 93euros, L'annonce correspond à Annonce n°1211 from Ziad crée le 2024-11-04T21:03:50.167364798Z et correpoond à COMPUTERS et est à 20euros
]]></system-out>
</testcase>
<testcase name="testequals(ClassifiedAd, Object)[28]" classname="minebayd1.test.TestClassifiedAd" time="0">
<system-out><![CDATA[
unique-id: [engine:junit-jupiter]/[class:minebayd1.test.TestClassifiedAd]/[test-template:testequals(minebayd1.ClassifiedAd, java.lang.Object)]/[test-template-invocation:#28]
display-name: [28] L'annonce correspond à Annonce n°1101 from Rosa crée le 2024-11-04T21:03:50.169770838Z et correpoond à CLOTHES et est à 7euros, L'annonce correspond à Annonce n°1112 from Pierre crée le 2024-11-04T21:03:50.169615261Z et correpoond à SHOES et est à 42euros
]]></system-out>
</testcase>
<testcase name="testequals(ClassifiedAd, Object)[29]" classname="minebayd1.test.TestClassifiedAd" time="0">
<system-out><![CDATA[
unique-id: [engine:junit-jupiter]/[class:minebayd1.test.TestClassifiedAd]/[test-template:testequals(minebayd1.ClassifiedAd, java.lang.Object)]/[test-template-invocation:#29]
display-name: [29] L'annonce correspond à Annonce n°1057 from Marcel crée le 2024-11-04T21:03:50.170455416Z et correpoond à GAMES et est à 39euros, L'annonce correspond à Annonce n°993 from Rosa crée le 2024-11-04T21:03:50.171232387Z et correpoond à COMPUTERS et est à 22euros
]]></system-out>
</testcase>
<testcase name="testequals(ClassifiedAd, Object)[30]" classname="minebayd1.test.TestClassifiedAd" time="0">
<system-out><![CDATA[
unique-id: [engine:junit-jupiter]/[class:minebayd1.test.TestClassifiedAd]/[test-template:testequals(minebayd1.ClassifiedAd, java.lang.Object)]/[test-template-invocation:#30]
display-name: [30] L'annonce correspond à Annonce n°421 from Imam crée le 2024-11-04T21:03:50.179283426Z et correpoond à CLOTHES et est à 97euros, L'annonce correspond à Annonce n°981 from Naila crée le 2024-11-04T21:03:50.172511530Z et correpoond à CLOTHES et est à 69euros
]]></system-out>
</testcase>
<testcase name="testequals(ClassifiedAd, Object)[31]" classname="minebayd1.test.TestClassifiedAd" time="0">
<system-out><![CDATA[
unique-id: [engine:junit-jupiter]/[class:minebayd1.test.TestClassifiedAd]/[test-template:testequals(minebayd1.ClassifiedAd, java.lang.Object)]/[test-template-invocation:#31]
display-name: [31] L'annonce correspond à Annonce n°410 from Ziad crée le 2024-11-04T21:03:50.179340585Z et correpoond à SHOES et est à 22euros, L'annonce correspond à Annonce n°77 from Lamia crée le 2024-11-04T21:03:50.181386246Z et correpoond à GAMES et est à 2euros
]]></system-out>
</testcase>
<testcase name="testequals(ClassifiedAd, Object)[32]" classname="minebayd1.test.TestClassifiedAd" time="0">
<system-out><![CDATA[
unique-id: [engine:junit-jupiter]/[class:minebayd1.test.TestClassifiedAd]/[test-template:testequals(minebayd1.ClassifiedAd, java.lang.Object)]/[test-template-invocation:#32]
display-name: [32] L'annonce correspond à Annonce n°151 from Sheraz crée le 2024-11-04T21:03:50.180893983Z et correpoond à COMPUTERS et est à 83euros, L'annonce correspond à Annonce n°1198 from Ziad crée le 2024-11-04T21:03:50.167542525Z et correpoond à CLOTHES et est à 51euros
]]></system-out>
</testcase>
<testcase name="testequals(ClassifiedAd, Object)[33]" classname="minebayd1.test.TestClassifiedAd" time="0">
<system-out><![CDATA[
unique-id: [engine:junit-jupiter]/[class:minebayd1.test.TestClassifiedAd]/[test-template:testequals(minebayd1.ClassifiedAd, java.lang.Object)]/[test-template-invocation:#33]
display-name: [33] L'annonce correspond à Annonce n°1183 from Mamadou crée le 2024-11-04T21:03:50.167775713Z et correpoond à CLOTHES et est à 51euros, L'annonce correspond à Annonce n°1498 from Ayman crée le 2024-11-04T21:03:50.161352265Z et correpoond à CLOTHES et est à 74euros
]]></system-out>
</testcase>
<testcase name="testequals(ClassifiedAd, Object)[34]" classname="minebayd1.test.TestClassifiedAd" time="0">
<system-out><![CDATA[
unique-id: [engine:junit-jupiter]/[class:minebayd1.test.TestClassifiedAd]/[test-template:testequals(minebayd1.ClassifiedAd, java.lang.Object)]/[test-template-invocation:#34]
display-name: [34] L'annonce correspond à Annonce n°317 from Sonia crée le 2024-11-04T21:03:50.179832304Z et correpoond à BOOKS et est à 71euros, L'annonce correspond à Annonce n°708 from Chanez crée le 2024-11-04T21:03:50.177530050Z et correpoond à CLOTHES et est à 59euros
]]></system-out>
</testcase>
<testcase name="testequals(ClassifiedAd, Object)[35]" classname="minebayd1.test.TestClassifiedAd" time="0">
<system-out><![CDATA[
unique-id: [engine:junit-jupiter]/[class:minebayd1.test.TestClassifiedAd]/[test-template:testequals(minebayd1.ClassifiedAd, java.lang.Object)]/[test-template-invocation:#35]
display-name: [35] L'annonce correspond à Annonce n°355 from Aliou crée le 2024-11-04T21:03:50.179626676Z et correpoond à GAMES et est à 46euros, L'annonce correspond à Annonce n°1348 from Yanis crée le 2024-11-04T21:03:50.165221320Z et correpoond à GAMES et est à 40euros
]]></system-out>
</testcase>
<testcase name="testequals(ClassifiedAd, Object)[36]" classname="minebayd1.test.TestClassifiedAd" time="0">
<system-out><![CDATA[
unique-id: [engine:junit-jupiter]/[class:minebayd1.test.TestClassifiedAd]/[test-template:testequals(minebayd1.ClassifiedAd, java.lang.Object)]/[test-template-invocation:#36]
display-name: [36] L'annonce correspond à Annonce n°199 from Adam crée le 2024-11-04T21:03:50.180507411Z et correpoond à CLOTHES et est à 30euros, L'annonce correspond à Annonce n°529 from Sheraz crée le 2024-11-04T21:03:50.178773123Z et correpoond à CLOTHES et est à 56euros
]]></system-out>
</testcase>
<testcase name="testequals(ClassifiedAd, Object)[37]" classname="minebayd1.test.TestClassifiedAd" time="0">
<system-out><![CDATA[
unique-id: [engine:junit-jupiter]/[class:minebayd1.test.TestClassifiedAd]/[test-template:testequals(minebayd1.ClassifiedAd, java.lang.Object)]/[test-template-invocation:#37]
display-name: [37] L'annonce correspond à Annonce n°887 from Imam crée le 2024-11-04T21:03:50.173834978Z et correpoond à SHOES et est à 74euros, L'annonce correspond à Annonce n°259 from Sheraz crée le 2024-11-04T21:03:50.180132041Z et correpoond à CLOTHES et est à 60euros
]]></system-out>
</testcase>
<testcase name="testequals(ClassifiedAd, Object)[38]" classname="minebayd1.test.TestClassifiedAd" time="0">
<system-out><![CDATA[
unique-id: [engine:junit-jupiter]/[class:minebayd1.test.TestClassifiedAd]/[test-template:testequals(minebayd1.ClassifiedAd, java.lang.Object)]/[test-template-invocation:#38]
display-name: [38] L'annonce correspond à Annonce n°230 from Marc crée le 2024-11-04T21:03:50.180282246Z et correpoond à BOOKS et est à 39euros, L'annonce correspond à Annonce n°972 from Lyes crée le 2024-11-04T21:03:50.172625132Z et correpoond à COMPUTERS et est à 66euros
]]></system-out>
</testcase>
<testcase name="testequals(ClassifiedAd, Object)[39]" classname="minebayd1.test.TestClassifiedAd" time="0">
<system-out><![CDATA[
unique-id: [engine:junit-jupiter]/[class:minebayd1.test.TestClassifiedAd]/[test-template:testequals(minebayd1.ClassifiedAd, java.lang.Object)]/[test-template-invocation:#39]
display-name: [39] L'annonce correspond à Annonce n°639 from Marc crée le 2024-11-04T21:03:50.178052326Z et correpoond à COMPUTERS et est à 20euros, L'annonce correspond à Annonce n°118 from Ayman crée le 2024-11-04T21:03:50.181161712Z et correpoond à COMPUTERS et est à 64euros
]]></system-out>
</testcase>
<testcase name="testequals(ClassifiedAd, Object)[40]" classname="minebayd1.test.TestClassifiedAd" time="0">
<system-out><![CDATA[
unique-id: [engine:junit-jupiter]/[class:minebayd1.test.TestClassifiedAd]/[test-template:testequals(minebayd1.ClassifiedAd, java.lang.Object)]/[test-template-invocation:#40]
display-name: [40] L'annonce correspond à Annonce n°681 from Chanez crée le 2024-11-04T21:03:50.177791374Z et correpoond à GAMES et est à 73euros, L'annonce correspond à Annonce n°1404 from Aliou crée le 2024-11-04T21:03:50.163999740Z et correpoond à BOOKS et est à 71euros
]]></system-out>
</testcase>
<testcase name="testequals(ClassifiedAd, Object)[41]" classname="minebayd1.test.TestClassifiedAd" time="0">
<system-out><![CDATA[
unique-id: [engine:junit-jupiter]/[class:minebayd1.test.TestClassifiedAd]/[test-template:testequals(minebayd1.ClassifiedAd, java.lang.Object)]/[test-template-invocation:#41]
display-name: [41] L'annonce correspond à Annonce n°428 from Idir crée le 2024-11-04T21:03:50.179247361Z et correpoond à CLOTHES et est à 10euros, L'annonce correspond à Annonce n°913 from Marcel crée le 2024-11-04T21:03:50.173530355Z et correpoond à COMPUTERS et est à 41euros
]]></system-out>
</testcase>
<testcase name="testequals(ClassifiedAd, Object)[42]" classname="minebayd1.test.TestClassifiedAd" time="0">
<system-out><![CDATA[
unique-id: [engine:junit-jupiter]/[class:minebayd1.test.TestClassifiedAd]/[test-template:testequals(minebayd1.ClassifiedAd, java.lang.Object)]/[test-template-invocation:#42]
display-name: [42] L'annonce correspond à Annonce n°86 from Yanis crée le 2024-11-04T21:03:50.181329104Z et correpoond à GAMES et est à 10euros, L'annonce correspond à Annonce n°1307 from Ziad crée le 2024-11-04T21:03:50.165752576Z et correpoond à COMPUTERS et est à 80euros
]]></system-out>
</testcase>
<testcase name="testequals(ClassifiedAd, Object)[43]" classname="minebayd1.test.TestClassifiedAd" time="0">
<system-out><![CDATA[
unique-id: [engine:junit-jupiter]/[class:minebayd1.test.TestClassifiedAd]/[test-template:testequals(minebayd1.ClassifiedAd, java.lang.Object)]/[test-template-invocation:#43]
display-name: [43] L'annonce correspond à Annonce n°699 from Ismael crée le 2024-11-04T21:03:50.177616740Z et correpoond à BOOKS et est à 46euros, L'annonce correspond à Annonce n°809 from Lyes crée le 2024-11-04T21:03:50.175238815Z et correpoond à SHOES et est à 19euros
]]></system-out>
</testcase>
<testcase name="testequals(ClassifiedAd, Object)[44]" classname="minebayd1.test.TestClassifiedAd" time="0">
<system-out><![CDATA[
unique-id: [engine:junit-jupiter]/[class:minebayd1.test.TestClassifiedAd]/[test-template:testequals(minebayd1.ClassifiedAd, java.lang.Object)]/[test-template-invocation:#44]
display-name: [44] L'annonce correspond à Annonce n°1195 from Mounir crée le 2024-11-04T21:03:50.167613114Z et correpoond à COMPUTERS et est à 82euros, L'annonce correspond à Annonce n°1482 from Chanez crée le 2024-11-04T21:03:50.161859318Z et correpoond à SHOES et est à 64euros
]]></system-out>
</testcase>
<testcase name="testequals(ClassifiedAd, Object)[45]" classname="minebayd1.test.TestClassifiedAd" time="0">
<system-out><![CDATA[
unique-id: [engine:junit-jupiter]/[class:minebayd1.test.TestClassifiedAd]/[test-template:testequals(minebayd1.ClassifiedAd, java.lang.Object)]/[test-template-invocation:#45]
display-name: [45] L'annonce correspond à Annonce n°1024 from Marcel crée le 2024-11-04T21:03:50.170879828Z et correpoond à COMPUTERS et est à 65euros, L'annonce correspond à Annonce n°188 from Nima crée le 2024-11-04T21:03:50.180582281Z et correpoond à BOOKS et est à 22euros
]]></system-out>
</testcase>
<testcase name="testequals(ClassifiedAd, Object)[46]" classname="minebayd1.test.TestClassifiedAd" time="0">
<system-out><![CDATA[
unique-id: [engine:junit-jupiter]/[class:minebayd1.test.TestClassifiedAd]/[test-template:testequals(minebayd1.ClassifiedAd, java.lang.Object)]/[test-template-invocation:#46]
display-name: [46] L'annonce correspond à Annonce n°1215 from Marcel crée le 2024-11-04T21:03:50.167301379Z et correpoond à GAMES et est à 88euros, L'annonce correspond à Annonce n°976 from Imam crée le 2024-11-04T21:03:50.172579385Z et correpoond à SHOES et est à 37euros
]]></system-out>
</testcase>
<testcase name="testequals(ClassifiedAd, Object)[47]" classname="minebayd1.test.TestClassifiedAd" time="0">
<system-out><![CDATA[
unique-id: [engine:junit-jupiter]/[class:minebayd1.test.TestClassifiedAd]/[test-template:testequals(minebayd1.ClassifiedAd, java.lang.Object)]/[test-template-invocation:#47]
display-name: [47] L'annonce correspond à Annonce n°537 from Mamadou crée le 2024-11-04T21:03:50.178742336Z et correpoond à COMPUTERS et est à 44euros, L'annonce correspond à Annonce n°388 from Chanez crée le 2024-11-04T21:03:50.179454941Z et correpoond à GAMES et est à 74euros
]]></system-out>
</testcase>
<testcase name="testequals(ClassifiedAd, Object)[48]" classname="minebayd1.test.TestClassifiedAd" time="0">
<system-out><![CDATA[
unique-id: [engine:junit-jupiter]/[class:minebayd1.test.TestClassifiedAd]/[test-template:testequals(minebayd1.ClassifiedAd, java.lang.Object)]/[test-template-invocation:#48]
display-name: [48] L'annonce correspond à Annonce n°830 from Ismael crée le 2024-11-04T21:03:50.174742869Z et correpoond à COMPUTERS et est à 66euros, L'annonce correspond à Annonce n°214 from Sheraz crée le 2024-11-04T21:03:50.180378365Z et correpoond à COMPUTERS et est à 36euros
]]></system-out>
</testcase>
<testcase name="testequals(ClassifiedAd, Object)[49]" classname="minebayd1.test.TestClassifiedAd" time="0">
<system-out><![CDATA[
unique-id: [engine:junit-jupiter]/[class:minebayd1.test.TestClassifiedAd]/[test-template:testequals(minebayd1.ClassifiedAd, java.lang.Object)]/[test-template-invocation:#49]
display-name: [49] L'annonce correspond à Annonce n°201 from Yanis crée le 2024-11-04T21:03:50.180491291Z et correpoond à COMPUTERS et est à 14euros, L'annonce correspond à Annonce n°319 from Ayman crée le 2024-11-04T21:03:50.179822062Z et correpoond à CLOTHES et est à 92euros
]]></system-out>
</testcase>
<testcase name="testequals(ClassifiedAd, Object)[50]" classname="minebayd1.test.TestClassifiedAd" time="0">
<system-out><![CDATA[
unique-id: [engine:junit-jupiter]/[class:minebayd1.test.TestClassifiedAd]/[test-template:testequals(minebayd1.ClassifiedAd, java.lang.Object)]/[test-template-invocation:#50]
display-name: [50] L'annonce correspond à Annonce n°1251 from Zahra crée le 2024-11-04T21:03:50.166664505Z et correpoond à COMPUTERS et est à 13euros, L'annonce correspond à Annonce n°432 from Chanez crée le 2024-11-04T21:03:50.179226854Z et correpoond à COMPUTERS et est à 98euros
]]></system-out>
</testcase>
<testcase name="testequals(ClassifiedAd, Object)[51]" classname="minebayd1.test.TestClassifiedAd" time="0">
<system-out><![CDATA[
unique-id: [engine:junit-jupiter]/[class:minebayd1.test.TestClassifiedAd]/[test-template:testequals(minebayd1.ClassifiedAd, java.lang.Object)]/[test-template-invocation:#51]
display-name: [51] L'annonce correspond à Annonce n°10 from Mamadou crée le 2024-11-04T21:03:50.181716429Z et correpoond à SHOES et est à 49euros, L'annonce correspond à Annonce n°762 from Faycal crée le 2024-11-04T21:03:50.175926774Z et correpoond à GAMES et est à 29euros
]]></system-out>
</testcase>
<testcase name="testequals(ClassifiedAd, Object)[52]" classname="minebayd1.test.TestClassifiedAd" time="0">
<system-out><![CDATA[
unique-id: [engine:junit-jupiter]/[class:minebayd1.test.TestClassifiedAd]/[test-template:testequals(minebayd1.ClassifiedAd, java.lang.Object)]/[test-template-invocation:#52]
display-name: [52] L'annonce correspond à Annonce n°1407 from Marcel crée le 2024-11-04T21:03:50.163928564Z et correpoond à BOOKS et est à 8euros, L'annonce correspond à Annonce n°722 from Yanis crée le 2024-11-04T21:03:50.177290058Z et correpoond à GAMES et est à 97euros
]]></system-out>
</testcase>
<testcase name="testequals(ClassifiedAd, Object)[53]" classname="minebayd1.test.TestClassifiedAd" time="0">
<system-out><![CDATA[
unique-id: [engine:junit-jupiter]/[class:minebayd1.test.TestClassifiedAd]/[test-template:testequals(minebayd1.ClassifiedAd, java.lang.Object)]/[test-template-invocation:#53]
display-name: [53] L'annonce correspond à Annonce n°454 from Adam crée le 2024-11-04T21:03:50.179100160Z et correpoond à SHOES et est à 36euros, L'annonce correspond à Annonce n°1094 from Yanis crée le 2024-11-04T21:03:50.169870409Z et correpoond à SHOES et est à 57euros
]]></system-out>
</testcase>
<testcase name="testequals(ClassifiedAd, Object)[54]" classname="minebayd1.test.TestClassifiedAd" time="0">
<system-out><![CDATA[
unique-id: [engine:junit-jupiter]/[class:minebayd1.test.TestClassifiedAd]/[test-template:testequals(minebayd1.ClassifiedAd, java.lang.Object)]/[test-template-invocation:#54]
display-name: [54] L'annonce correspond à Annonce n°883 from Issa crée le 2024-11-04T21:03:50.173881972Z et correpoond à COMPUTERS et est à 91euros, L'annonce correspond à Annonce n°1 from Imam crée le 2024-11-04T21:03:50.181753331Z et correpoond à SHOES et est à 69euros
]]></system-out>
</testcase>
<testcase name="testequals(ClassifiedAd, Object)[55]" classname="minebayd1.test.TestClassifiedAd" time="0">
<system-out><![CDATA[
unique-id: [engine:junit-jupiter]/[class:minebayd1.test.TestClassifiedAd]/[test-template:testequals(minebayd1.ClassifiedAd, java.lang.Object)]/[test-template-invocation:#55]
display-name: [55] L'annonce correspond à Annonce n°861 from Aliou crée le 2024-11-04T21:03:50.174230830Z et correpoond à GAMES et est à 15euros, L'annonce correspond à Annonce n°286 from Ali crée le 2024-11-04T21:03:50.179993141Z et correpoond à BOOKS et est à 42euros
]]></system-out>
</testcase>
<testcase name="testequals(ClassifiedAd, Object)[56]" classname="minebayd1.test.TestClassifiedAd" time="0">
<system-out><![CDATA[
unique-id: [engine:junit-jupiter]/[class:minebayd1.test.TestClassifiedAd]/[test-template:testequals(minebayd1.ClassifiedAd, java.lang.Object)]/[test-template-invocation:#56]
display-name: [56] L'annonce correspond à Annonce n°913 from Marcel crée le 2024-11-04T21:03:50.173530355Z et correpoond à COMPUTERS et est à 41euros, L'annonce correspond à Annonce n°1033 from Aliou crée le 2024-11-04T21:03:50.170771629Z et correpoond à SHOES et est à 23euros
]]></system-out>
</testcase>
<testcase name="testequals(ClassifiedAd, Object)[57]" classname="minebayd1.test.TestClassifiedAd" time="0">
<system-out><![CDATA[
[...]
]]></system-out>
</testcase>
<testcase name="testgetDescription(ClassifiedAd)[59]" classname="minebayd1.test.TestClassifiedAd" time="0">
<system-out><![CDATA[
unique-id: [engine:junit-jupiter]/[class:minebayd1.test.TestClassifiedAd]/[test-template:testgetDescription(minebayd1.ClassifiedAd)]/[test-template-invocation:#59]
display-name: [59] L'annonce correspond à Annonce n°254 from Faycal crée le 2024-11-04T21:03:50.180157896Z et correpoond à GAMES et est à 75euros
]]></system-out>
</testcase>
<testcase name="testgetDescription(ClassifiedAd)[60]" classname="minebayd1.test.TestClassifiedAd" time="0">
<system-out><![CDATA[
unique-id: [engine:junit-jupiter]/[class:minebayd1.test.TestClassifiedAd]/[test-template:testgetDescription(minebayd1.ClassifiedAd)]/[test-template-invocation:#60]
display-name: [60] L'annonce correspond à Annonce n°305 from Naila crée le 2024-11-04T21:03:50.179894323Z et correpoond à CLOTHES et est à 17euros
]]></system-out>
</testcase>
<testcase name="testgetDescription(ClassifiedAd)[61]" classname="minebayd1.test.TestClassifiedAd" time="0">
<system-out><![CDATA[
unique-id: [engine:junit-jupiter]/[class:minebayd1.test.TestClassifiedAd]/[test-template:testgetDescription(minebayd1.ClassifiedAd)]/[test-template-invocation:#61]
display-name: [61] L'annonce correspond à Annonce n°992 from Marcel crée le 2024-11-04T21:03:50.171243666Z et correpoond à BOOKS et est à 35euros
]]></system-out>
</testcase>
<testcase name="testgetDescription(ClassifiedAd)[62]" classname="minebayd1.test.TestClassifiedAd" time="0">
<system-out><![CDATA[
unique-id: [engine:junit-jupiter]/[class:minebayd1.test.TestClassifiedAd]/[test-template:testgetDescription(minebayd1.ClassifiedAd)]/[test-template-invocation:#62]
display-name: [62] L'annonce correspond à Annonce n°178 from Ayman crée le 2024-11-04T21:03:50.180661207Z et correpoond à COMPUTERS et est à 15euros
]]></system-out>
</testcase>
<testcase name="testgetDescription(ClassifiedAd)[63]" classname="minebayd1.test.TestClassifiedAd" time="0">
<system-out><![CDATA[
unique-id: [engine:junit-jupiter]/[class:minebayd1.test.TestClassifiedAd]/[test-template:testgetDescription(minebayd1.ClassifiedAd)]/[test-template-invocation:#63]
display-name: [63] L'annonce correspond à Annonce n°1244 from Marc crée le 2024-11-04T21:03:50.167004846Z et correpoond à GAMES et est à 97euros
]]></system-out>
</testcase>
<testcase name="testgetDescription(ClassifiedAd)[64]" classname="minebayd1.test.TestClassifiedAd" time="0">
<system-out><![CDATA[
unique-id: [engine:junit-jupiter]/[class:minebayd1.test.TestClassifiedAd]/[test-template:testgetDescription(minebayd1.ClassifiedAd)]/[test-template-invocation:#64]
display-name: [64] L'annonce correspond à Annonce n°450 from Idir crée le 2024-11-04T21:03:50.179122186Z et correpoond à GAMES et est à 89euros
]]></system-out>
</testcase>
<testcase name="testgetDescription(ClassifiedAd)[65]" classname="minebayd1.test.TestClassifiedAd" time="0">
<system-out><![CDATA[
unique-id: [engine:junit-jupiter]/[class:minebayd1.test.TestClassifiedAd]/[test-template:testgetDescription(minebayd1.ClassifiedAd)]/[test-template-invocation:#65]
display-name: [65] L'annonce correspond à Annonce n°1321 from Rosa crée le 2024-11-04T21:03:50.165610029Z et correpoond à SHOES et est à 6euros
]]></system-out>
</testcase>
<testcase name="testgetDescription(ClassifiedAd)[66]" classname="minebayd1.test.TestClassifiedAd" time="0">
<system-out><![CDATA[
unique-id: [engine:junit-jupiter]/[class:minebayd1.test.TestClassifiedAd]/[test-template:testgetDescription(minebayd1.ClassifiedAd)]/[test-template-invocation:#66]
display-name: [66] L'annonce correspond à Annonce n°124 from Nima crée le 2024-11-04T21:03:50.181110902Z et correpoond à SHOES et est à 82euros
]]></system-out>
</testcase>
<testcase name="testgetDescription(ClassifiedAd)[67]" classname="minebayd1.test.TestClassifiedAd" time="0">
<system-out><![CDATA[
unique-id: [engine:junit-jupiter]/[class:minebayd1.test.TestClassifiedAd]/[test-template:testgetDescription(minebayd1.ClassifiedAd)]/[test-template-invocation:#67]
display-name: [67] L'annonce correspond à Annonce n°819 from Lamia crée le 2024-11-04T21:03:50.175111840Z et correpoond à GAMES et est à 48euros
]]></system-out>
</testcase>
<testcase name="testgetDescription(ClassifiedAd)[68]" classname="minebayd1.test.TestClassifiedAd" time="0">
<system-out><![CDATA[
unique-id: [engine:junit-jupiter]/[class:minebayd1.test.TestClassifiedAd]/[test-template:testgetDescription(minebayd1.ClassifiedAd)]/[test-template-invocation:#68]
display-name: [68] L'annonce correspond à Annonce n°114 from Ziad crée le 2024-11-04T21:03:50.181191673Z et correpoond à GAMES et est à 43euros
]]></system-out>
</testcase>
<testcase name="testgetDescription(ClassifiedAd)[69]" classname="minebayd1.test.TestClassifiedAd" time="0">
<system-out><![CDATA[
unique-id: [engine:junit-jupiter]/[class:minebayd1.test.TestClassifiedAd]/[test-template:testgetDescription(minebayd1.ClassifiedAd)]/[test-template-invocation:#69]
display-name: [69] L'annonce correspond à Annonce n°814 from Marcel crée le 2024-11-04T21:03:50.175171087Z et correpoond à CLOTHES et est à 18euros
]]></system-out>
</testcase>
<testcase name="testgetDescription(ClassifiedAd)[70]" classname="minebayd1.test.TestClassifiedAd" time="0">
<system-out><![CDATA[
unique-id: [engine:junit-jupiter]/[class:minebayd1.test.TestClassifiedAd]/[test-template:testgetDescription(minebayd1.ClassifiedAd)]/[test-template-invocation:#70]
display-name: [70] L'annonce correspond à Annonce n°468 from Mamadou crée le 2024-11-04T21:03:50.179017358Z et correpoond à COMPUTERS et est à 28euros
]]></system-out>
</testcase>
<testcase name="testgetDescription(ClassifiedAd)[71]" classname="minebayd1.test.TestClassifiedAd" time="0">
<system-out><![CDATA[
unique-id: [engine:junit-jupiter]/[class:minebayd1.test.TestClassifiedAd]/[test-template:testgetDescription(minebayd1.ClassifiedAd)]/[test-template-invocation:#71]
display-name: [71] L'annonce correspond à Annonce n°1268 from Sheraz crée le 2024-11-04T21:03:50.166384503Z et correpoond à CLOTHES et est à 81euros
]]></system-out>
</testcase>
<testcase name="testgetDescription(ClassifiedAd)[72]" classname="minebayd1.test.TestClassifiedAd" time="0">
<system-out><![CDATA[
unique-id: [engine:junit-jupiter]/[class:minebayd1.test.TestClassifiedAd]/[test-template:testgetDescription(minebayd1.ClassifiedAd)]/[test-template-invocation:#72]
display-name: [72] L'annonce correspond à Annonce n°655 from Ayman crée le 2024-11-04T21:03:50.177956227Z et correpoond à COMPUTERS et est à 25euros
]]></system-out>
</testcase>
<testcase name="testgetDescription(ClassifiedAd)[73]" classname="minebayd1.test.TestClassifiedAd" time="0">
<system-out><![CDATA[
unique-id: [engine:junit-jupiter]/[class:minebayd1.test.TestClassifiedAd]/[test-template:testgetDescription(minebayd1.ClassifiedAd)]/[test-template-invocation:#73]
display-name: [73] L'annonce correspond à Annonce n°682 from Imam crée le 2024-11-04T21:03:50.177785308Z et correpoond à BOOKS et est à 83euros
]]></system-out>
</testcase>
<testcase name="testgetDescription(ClassifiedAd)[74]" classname="minebayd1.test.TestClassifiedAd" time="0">
<system-out><![CDATA[
unique-id: [engine:junit-jupiter]/[class:minebayd1.test.TestClassifiedAd]/[test-template:testgetDescription(minebayd1.ClassifiedAd)]/[test-template-invocation:#74]
display-name: [74] L'annonce correspond à Annonce n°5 from Imam crée le 2024-11-04T21:03:50.181736983Z et correpoond à COMPUTERS et est à 76euros
]]></system-out>
</testcase>
<testcase name="testgetDescription(ClassifiedAd)[75]" classname="minebayd1.test.TestClassifiedAd" time="0">
<system-out><![CDATA[
unique-id: [engine:junit-jupiter]/[class:minebayd1.test.TestClassifiedAd]/[test-template:testgetDescription(minebayd1.ClassifiedAd)]/[test-template-invocation:#75]
display-name: [75] L'annonce correspond à Annonce n°1028 from Mamadou crée le 2024-11-04T21:03:50.170832923Z et correpoond à CLOTHES et est à 28euros
]]></system-out>
</testcase>
<testcase name="testgetDescription(ClassifiedAd)[76]" classname="minebayd1.test.TestClassifiedAd" time="0">
<system-out><![CDATA[
unique-id: [engine:junit-jupiter]/[class:minebayd1.test.TestClassifiedAd]/[test-template:testgetDescription(minebayd1.ClassifiedAd)]/[test-template-invocation:#76]
display-name: [76] L'annonce correspond à Annonce n°258 from Ayman crée le 2024-11-04T21:03:50.180137477Z et correpoond à GAMES et est à 12euros
]]></system-out>
</testcase>
<testcase name="testgetDescription(ClassifiedAd)[77]" classname="minebayd1.test.TestClassifiedAd" time="0">
<system-out><![CDATA[
unique-id: [engine:junit-jupiter]/[class:minebayd1.test.TestClassifiedAd]/[test-template:testgetDescription(minebayd1.ClassifiedAd)]/[test-template-invocation:#77]
display-name: [77] L'annonce correspond à Annonce n°1283 from Aliou crée le 2024-11-04T21:03:50.165992950Z et correpoond à SHOES et est à 74euros
]]></system-out>
</testcase>
<testcase name="testgetDescription(ClassifiedAd)[78]" classname="minebayd1.test.TestClassifiedAd" time="0">
<system-out><![CDATA[
unique-id: [engine:junit-jupiter]/[class:minebayd1.test.TestClassifiedAd]/[test-template:testgetDescription(minebayd1.ClassifiedAd)]/[test-template-invocation:#78]
display-name: [78] L'annonce correspond à Annonce n°791 from Aliou crée le 2024-11-04T21:03:50.175543180Z et correpoond à CLOTHES et est à 18euros
]]></system-out>
</testcase>
<testcase name="testgetDescription(ClassifiedAd)[79]" classname="minebayd1.test.TestClassifiedAd" time="0">
<system-out><![CDATA[
unique-id: [engine:junit-jupiter]/[class:minebayd1.test.TestClassifiedAd]/[test-template:testgetDescription(minebayd1.ClassifiedAd)]/[test-template-invocation:#79]
display-name: [79] L'annonce correspond à Annonce n°499 from Ayman crée le 2024-11-04T21:03:50.178892004Z et correpoond à GAMES et est à 63euros
]]></system-out>
</testcase>
<testcase name="testgetDescription(ClassifiedAd)[80]" classname="minebayd1.test.TestClassifiedAd" time="0">
<system-out><![CDATA[
unique-id: [engine:junit-jupiter]/[class:minebayd1.test.TestClassifiedAd]/[test-template:testgetDescription(minebayd1.ClassifiedAd)]/[test-template-invocation:#80]
display-name: [80] L'annonce correspond à Annonce n°630 from Ziad crée le 2024-11-04T21:03:50.178184887Z et correpoond à BOOKS et est à 8euros
]]></system-out>
</testcase>
<testcase name="testgetDescription(ClassifiedAd)[81]" classname="minebayd1.test.TestClassifiedAd" time="0">
<system-out><![CDATA[
unique-id: [engine:junit-jupiter]/[class:minebayd1.test.TestClassifiedAd]/[test-template:testgetDescription(minebayd1.ClassifiedAd)]/[test-template-invocation:#81]
display-name: [81] L'annonce correspond à Annonce n°158 from Ayman crée le 2024-11-04T21:03:50.180838528Z et correpoond à CLOTHES et est à 46euros
]]></system-out>
</testcase>
<testcase name="testgetDescription(ClassifiedAd)[82]" classname="minebayd1.test.TestClassifiedAd" time="0">
<system-out><![CDATA[
unique-id: [engine:junit-jupiter]/[class:minebayd1.test.TestClassifiedAd]/[test-template:testgetDescription(minebayd1.ClassifiedAd)]/[test-template-invocation:#82]
display-name: [82] L'annonce correspond à Annonce n°708 from Chanez crée le 2024-11-04T21:03:50.177530050Z et correpoond à CLOTHES et est à 59euros
]]></system-out>
</testcase>
<testcase name="testgetDescription(ClassifiedAd)[83]" classname="minebayd1.test.TestClassifiedAd" time="0">
<system-out><![CDATA[
unique-id: [engine:junit-jupiter]/[class:minebayd1.test.TestClassifiedAd]/[test-template:testgetDescription(minebayd1.ClassifiedAd)]/[test-template-invocation:#83]
display-name: [83] L'annonce correspond à Annonce n°1430 from Ayman crée le 2024-11-04T21:03:50.163153959Z et correpoond à CLOTHES et est à 53euros
]]></system-out>
</testcase>
<testcase name="testgetDescription(ClassifiedAd)[84]" classname="minebayd1.test.TestClassifiedAd" time="0">
<system-out><![CDATA[
unique-id: [engine:junit-jupiter]/[class:minebayd1.test.TestClassifiedAd]/[test-template:testgetDescription(minebayd1.ClassifiedAd)]/[test-template-invocation:#84]
display-name: [84] L'annonce correspond à Annonce n°927 from Mohamed crée le 2024-11-04T21:03:50.173333588Z et correpoond à COMPUTERS et est à 85euros
]]></system-out>
</testcase>
<testcase name="testgetDescription(ClassifiedAd)[85]" classname="minebayd1.test.TestClassifiedAd" time="0">
<system-out><![CDATA[
unique-id: [engine:junit-jupiter]/[class:minebayd1.test.TestClassifiedAd]/[test-template:testgetDescription(minebayd1.ClassifiedAd)]/[test-template-invocation:#85]
display-name: [85] L'annonce correspond à Annonce n°212 from Sheraz crée le 2024-11-04T21:03:50.180393672Z et correpoond à CLOTHES et est à 29euros
]]></system-out>
</testcase>
<testcase name="testgetDescription(ClassifiedAd)[86]" classname="minebayd1.test.TestClassifiedAd" time="0">
<system-out><![CDATA[
unique-id: [engine:junit-jupiter]/[class:minebayd1.test.TestClassifiedAd]/[test-template:testgetDescription(minebayd1.ClassifiedAd)]/[test-template-invocation:#86]
display-name: [86] L'annonce correspond à Annonce n°76 from Sheraz crée le 2024-11-04T21:03:50.181397547Z et correpoond à GAMES et est à 63euros
]]></system-out>
</testcase>
<testcase name="testgetDescription(ClassifiedAd)[87]" classname="minebayd1.test.TestClassifiedAd" time="0">
<system-out><![CDATA[
unique-id: [engine:junit-jupiter]/[class:minebayd1.test.TestClassifiedAd]/[test-template:testgetDescription(minebayd1.ClassifiedAd)]/[test-template-invocation:#87]
display-name: [87] L'annonce correspond à Annonce n°1406 from Ali crée le 2024-11-04T21:03:50.163944095Z et correpoond à BOOKS et est à 77euros
]]></system-out>
</testcase>
<testcase name="testgetDescription(ClassifiedAd)[88]" classname="minebayd1.test.TestClassifiedAd" time="0">
<system-out><![CDATA[
unique-id: [engine:junit-jupiter]/[class:minebayd1.test.TestClassifiedAd]/[test-template:testgetDescription(minebayd1.ClassifiedAd)]/[test-template-invocation:#88]
display-name: [88] L'annonce correspond à Annonce n°84 from Ziad crée le 2024-11-04T21:03:50.181338182Z et correpoond à SHOES et est à 46euros
]]></system-out>
</testcase>
<testcase name="testgetDescription(ClassifiedAd)[89]" classname="minebayd1.test.TestClassifiedAd" time="0">
<system-out><![CDATA[
unique-id: [engine:junit-jupiter]/[class:minebayd1.test.TestClassifiedAd]/[test-template:testgetDescription(minebayd1.ClassifiedAd)]/[test-template-invocation:#89]
display-name: [89] L'annonce correspond à Annonce n°1294 from Marc crée le 2024-11-04T21:03:50.165883544Z et correpoond à GAMES et est à 89euros
]]></system-out>
</testcase>
<testcase name="testgetDescription(ClassifiedAd)[90]" classname="minebayd1.test.TestClassifiedAd" time="0">
<system-out><![CDATA[
unique-id: [engine:junit-jupiter]/[class:minebayd1.test.TestClassifiedAd]/[test-template:testgetDescription(minebayd1.ClassifiedAd)]/[test-template-invocation:#90]
display-name: [90] L'annonce correspond à Annonce n°1109 from Issa crée le 2024-11-04T21:03:50.169655302Z et correpoond à GAMES et est à 80euros
]]></system-out>
</testcase>
<testcase name="testgetDescription(ClassifiedAd)[91]" classname="minebayd1.test.TestClassifiedAd" time="0">
<system-out><![CDATA[
unique-id: [engine:junit-jupiter]/[class:minebayd1.test.TestClassifiedAd]/[test-template:testgetDescription(minebayd1.ClassifiedAd)]/[test-template-invocation:#91]
display-name: [91] L'annonce correspond à Annonce n°975 from Marcel crée le 2024-11-04T21:03:50.172590856Z et correpoond à COMPUTERS et est à 21euros
]]></system-out>
</testcase>
<testcase name="testgetDescription(ClassifiedAd)[92]" classname="minebayd1.test.TestClassifiedAd" time="0">
<system-out><![CDATA[
unique-id: [engine:junit-jupiter]/[class:minebayd1.test.TestClassifiedAd]/[test-template:testgetDescription(minebayd1.ClassifiedAd)]/[test-template-invocation:#92]
display-name: [92] L'annonce correspond à Annonce n°1369 from Mamadou crée le 2024-11-04T21:03:50.164609089Z et correpoond à GAMES et est à 59euros
]]></system-out>
</testcase>
<testcase name="testgetDescription(ClassifiedAd)[93]" classname="minebayd1.test.TestClassifiedAd" time="0">
<system-out><![CDATA[
unique-id: [engine:junit-jupiter]/[class:minebayd1.test.TestClassifiedAd]/[test-template:testgetDescription(minebayd1.ClassifiedAd)]/[test-template-invocation:#93]
display-name: [93] L'annonce correspond à Annonce n°1083 from Naila crée le 2024-11-04T21:03:50.170019683Z et correpoond à CLOTHES et est à 84euros
]]></system-out>
</testcase>
<testcase name="testgetDescription(ClassifiedAd)[94]" classname="minebayd1.test.TestClassifiedAd" time="0">
<system-out><![CDATA[
unique-id: [engine:junit-jupiter]/[class:minebayd1.test.TestClassifiedAd]/[test-template:testgetDescription(minebayd1.ClassifiedAd)]/[test-template-invocation:#94]
display-name: [94] L'annonce correspond à Annonce n°267 from Zahra crée le 2024-11-04T21:03:50.180091012Z et correpoond à SHOES et est à 23euros
]]></system-out>
</testcase>
<testcase name="testgetDescription(ClassifiedAd)[95]" classname="minebayd1.test.TestClassifiedAd" time="0">
<system-out><![CDATA[
unique-id: [engine:junit-jupiter]/[class:minebayd1.test.TestClassifiedAd]/[test-template:testgetDescription(minebayd1.ClassifiedAd)]/[test-template-invocation:#95]
display-name: [95] L'annonce correspond à Annonce n°926 from Mohamed crée le 2024-11-04T21:03:50.173344927Z et correpoond à SHOES et est à 91euros
]]></system-out>
</testcase>
<testcase name="testgetDescription(ClassifiedAd)[96]" classname="minebayd1.test.TestClassifiedAd" time="0">
<system-out><![CDATA[
unique-id: [engine:junit-jupiter]/[class:minebayd1.test.TestClassifiedAd]/[test-template:testgetDescription(minebayd1.ClassifiedAd)]/[test-template-invocation:#96]
display-name: [96] L'annonce correspond à Annonce n°917 from Adam crée le 2024-11-04T21:03:50.173447399Z et correpoond à GAMES et est à 3euros
]]></system-out>
</testcase>
<testcase name="testgetDescription(ClassifiedAd)[97]" classname="minebayd1.test.TestClassifiedAd" time="0">
<system-out><![CDATA[
unique-id: [engine:junit-jupiter]/[class:minebayd1.test.TestClassifiedAd]/[test-template:testgetDescription(minebayd1.ClassifiedAd)]/[test-template-invocation:#97]
display-name: [97] L'annonce correspond à Annonce n°753 from Imam crée le 2024-11-04T21:03:50.176026452Z et correpoond à SHOES et est à 43euros
]]></system-out>
</testcase>
<testcase name="testgetDescription(ClassifiedAd)[98]" classname="minebayd1.test.TestClassifiedAd" time="0">
<system-out><![CDATA[
unique-id: [engine:junit-jupiter]/[class:minebayd1.test.TestClassifiedAd]/[test-template:testgetDescription(minebayd1.ClassifiedAd)]/[test-template-invocation:#98]
display-name: [98] L'annonce correspond à Annonce n°144 from Ismael crée le 2024-11-04T21:03:50.180948548Z et correpoond à BOOKS et est à 7euros
]]></system-out>
</testcase>
<testcase name="testgetDescription(ClassifiedAd)[99]" classname="minebayd1.test.TestClassifiedAd" time="0">
<system-out><![CDATA[
unique-id: [engine:junit-jupiter]/[class:minebayd1.test.TestClassifiedAd]/[test-template:testgetDescription(minebayd1.ClassifiedAd)]/[test-template-invocation:#99]
display-name: [99] L'annonce correspond à Annonce n°43 from Nima crée le 2024-11-04T21:03:50.181549465Z et correpoond à CLOTHES et est à 63euros
]]></system-out>
</testcase>
<testcase name="testgetDescription(ClassifiedAd)[100]" classname="minebayd1.test.TestClassifiedAd" time="0">
<system-out><![CDATA[
unique-id: [engine:junit-jupiter]/[class:minebayd1.test.TestClassifiedAd]/[test-template:testgetDescription(minebayd1.ClassifiedAd)]/[test-template-invocation:#100]
display-name: [100] L'annonce correspond à Annonce n°863 from Mounir crée le 2024-11-04T21:03:50.174110895Z et correpoond à COMPUTERS et est à 61euros
]]></system-out>
</testcase>
<system-out><![CDATA[
unique-id: [engine:junit-jupiter]
display-name: JUnit Jupiter
]]></system-out>
</testsuite>
